Using pre-set license
Built from '2021.1/staging' branch; Version is '2021.1.3f1 (4bef613afd59) revision 4976481'; Using compiler version '192528614'; Build Type 'Release'
OS: 'Windows 10 Home; OS build 19041.928; Version 2004; 64bit' Language: 'en' Physical Memory: 16318 MB
BatchMode: 1, IsHumanControllingUs: 0, StartBugReporterOnCrash: 0, Is64bit: 1, IsPro: 0

 COMMAND LINE ARGUMENTS:
C:\Program Files\Unity\Hub\Editor\2021.1.3f1\Editor\Unity.exe
-adb2
-batchMode
-noUpm
-name
AssetImportWorker1
-projectPath
C:/Users/Haley/Documents/GitHub/salvation-army-games/Chemi-cool
-logFile
Logs/AssetImportWorker1.log
-srvPort
60374
Successfully changed project path to: C:/Users/Haley/Documents/GitHub/salvation-army-games/Chemi-cool
C:/Users/Haley/Documents/GitHub/salvation-army-games/Chemi-cool
Using Asset Import Pipeline V2.
Refreshing native plugins compatible for Editor in 78.60 ms, found 0 plugins.
Preloading 0 native plugins for Editor in 0.00 ms.
Initialize engine version: 2021.1.3f1 (4bef613afd59)
[Subsystems] Discovering subsystems at path C:/Program Files/Unity/Hub/Editor/2021.1.3f1/Editor/Data/Resources/UnitySubsystems
[Subsystems] Discovering subsystems at path C:/Users/Haley/Documents/GitHub/salvation-army-games/Chemi-cool/Assets
GfxDevice: creating device client; threaded=0; jobified=0
Direct3D:
    Version:  Direct3D 11.0 [level 11.1]
    Renderer: NVIDIA GeForce RTX 2070 SUPER (ID=0x1e84)
    Vendor:   NVIDIA
    VRAM:     8011 MB
    Driver:   27.21.14.6611
Initialize mono
Mono path[0] = 'C:/Program Files/Unity/Hub/Editor/2021.1.3f1/Editor/Data/Managed'
Mono path[1] = 'C:/Program Files/Unity/Hub/Editor/2021.1.3f1/Editor/Data/MonoBleedingEdge/lib/mono/unityjit'
Mono config path = 'C:/Program Files/Unity/Hub/Editor/2021.1.3f1/Editor/Data/MonoBleedingEdge/etc'
Using monoOptions --debugger-agent=transport=dt_socket,embedding=1,server=y,suspend=n,address=127.0.0.1:56104
Begin MonoManager ReloadAssembly
Registering precompiled unity dll's ...
Register platform support module: C:/Program Files/Unity/Hub/Editor/2021.1.3f1/Editor/Data/PlaybackEngines/WebGLSupport/UnityEditor.WebGL.Extensions.dll
Register platform support module: C:/Program Files/Unity/Hub/Editor/2021.1.3f1/Editor/Data/PlaybackEngines/WindowsStandaloneSupport/UnityEditor.WindowsStandalone.Extensions.dll
Registered in 0.002531 seconds.
Native extension for WindowsStandalone target not found
Native extension for WebGL target not found
Refreshing native plugins compatible for Editor in 78.09 ms, found 0 plugins.
Preloading 0 native plugins for Editor in 0.00 ms.
Mono: successfully reloaded assembly
- Completed reload, in  3.155 seconds
Platform modules already initialized, skipping
Registering precompiled user dll's ...
Registered in 0.004845 seconds.
Begin MonoManager ReloadAssembly
Native extension for WindowsStandalone target not found
Native extension for WebGL target not found
Refreshing native plugins compatible for Editor in 0.96 ms, found 0 plugins.
Preloading 0 native plugins for Editor in 0.00 ms.
Mono: successfully reloaded assembly
- Completed reload, in  0.939 seconds
Platform modules already initialized, skipping
========================================================================
Worker process is ready to serve import requests
Launched and connected shader compiler UnityShaderCompiler.exe after 0.05 seconds
Refreshing native plugins compatible for Editor in 1.00 ms, found 0 plugins.
Preloading 0 native plugins for Editor in 0.00 ms.
Unloading 1969 Unused Serialized files (Serialized files now loaded: 0)
System memory in use before: 92.5 MB.
System memory in use after: 92.6 MB.

Unloading 46 unused Assets to reduce memory usage. Loaded Objects now: 2403.
Total: 5.254100 ms (FindLiveObjects: 0.209000 ms CreateObjectMapping: 0.050800 ms MarkObjects: 4.932900 ms  DeleteObjects: 0.060400 ms)

========================================================================
Received Import Request.
  path: Assets/Big Retro Game Music Collection/Retro Rock Music Package (16-bit, Genesis)/Level 10.wav
  artifactKey: Guid(52dfde2e78b2b0f45a5af6f3aeee2a84) Importer(815301076,1909f56bfc062723c751e8b465ee728b)
Start importing Assets/Big Retro Game Music Collection/Retro Rock Music Package (16-bit, Genesis)/Level 10.wav using Guid(52dfde2e78b2b0f45a5af6f3aeee2a84) Importer(815301076,1909f56bfc062723c751e8b465ee728b)  -> (artifact id: '2bbdf91f14135c1800d823c4948cda14') in 0.080040 seconds 
========================================================================
Received Prepare
Registering precompiled user dll's ...
Registered in 0.004282 seconds.
Begin MonoManager ReloadAssembly
Native extension for WindowsStandalone target not found
Native extension for WebGL target not found
Refreshing native plugins compatible for Editor in 0.97 ms, found 0 plugins.
Preloading 0 native plugins for Editor in 0.00 ms.
Mono: successfully reloaded assembly
- Completed reload, in  0.868 seconds
Platform modules already initialized, skipping
Refreshing native plugins compatible for Editor in 0.97 ms, found 0 plugins.
Preloading 0 native plugins for Editor in 0.00 ms.
Unloading 1926 Unused Serialized files (Serialized files now loaded: 0)
System memory in use before: 92.3 MB.
System memory in use after: 92.4 MB.

Unloading 37 unused Assets to reduce memory usage. Loaded Objects now: 2415.
Total: 5.221700 ms (FindLiveObjects: 0.199400 ms CreateObjectMapping: 0.051000 ms MarkObjects: 4.947700 ms  DeleteObjects: 0.022800 ms)

========================================================================
Received Import Request.
  Time since last request: 70.815567 seconds.
  path: Assets/Big Retro Game Music Collection/Retro Rock Music Package (16-bit, Genesis)/Rerto Rock Theme #6.wav
  artifactKey: Guid(30642154e4eb09848ad5f18bf1844a0f) Importer(815301076,1909f56bfc062723c751e8b465ee728b)
Start importing Assets/Big Retro Game Music Collection/Retro Rock Music Package (16-bit, Genesis)/Rerto Rock Theme #6.wav using Guid(30642154e4eb09848ad5f18bf1844a0f) Importer(815301076,1909f56bfc062723c751e8b465ee728b)  -> (artifact id: '9da85766526cec58a81d860a2d994cd4') in 0.047666 seconds 
========================================================================
Received Import Request.
  Time since last request: 33.428483 seconds.
  path: Assets/Scenes/MainMenu.unity
  artifactKey: Guid(84e22ef1472b7d644a77ada300b42a80) Importer(815301076,1909f56bfc062723c751e8b465ee728b)
Start importing Assets/Scenes/MainMenu.unity using Guid(84e22ef1472b7d644a77ada300b42a80) Importer(815301076,1909f56bfc062723c751e8b465ee728b)  -> (artifact id: '5cf58b83a0beefe3d03f09c0fde97db2') in 0.004513 seconds 
========================================================================
Received Import Request.
  Time since last request: 4.890350 seconds.
  path: Assets/Scenes/Tutorial.unity
  artifactKey: Guid(34e183fbdc028394695542310d65f423) Importer(815301076,1909f56bfc062723c751e8b465ee728b)
Start importing Assets/Scenes/Tutorial.unity using Guid(34e183fbdc028394695542310d65f423) Importer(815301076,1909f56bfc062723c751e8b465ee728b)  -> (artifact id: '7c2160d7c302a047f765bbeafae01eae') in 0.005218 seconds 
========================================================================
Received Prepare
Registering precompiled user dll's ...
Registered in 0.004585 seconds.
Begin MonoManager ReloadAssembly
Native extension for WindowsStandalone target not found
Native extension for WebGL target not found
Refreshing native plugins compatible for Editor in 0.99 ms, found 0 plugins.
Preloading 0 native plugins for Editor in 0.00 ms.
Mono: successfully reloaded assembly
- Completed reload, in  0.887 seconds
Platform modules already initialized, skipping
Refreshing native plugins compatible for Editor in 0.95 ms, found 0 plugins.
Preloading 0 native plugins for Editor in 0.00 ms.
Unloading 1926 Unused Serialized files (Serialized files now loaded: 0)
System memory in use before: 92.4 MB.
System memory in use after: 92.5 MB.

Unloading 37 unused Assets to reduce memory usage. Loaded Objects now: 2419.
Total: 5.540000 ms (FindLiveObjects: 0.201800 ms CreateObjectMapping: 0.049600 ms MarkObjects: 5.262600 ms  DeleteObjects: 0.024800 ms)

========================================================================
Received Import Request.
  Time since last request: 33.572526 seconds.
  path: Assets/Scenes/Tutorial.unity
  artifactKey: Guid(34e183fbdc028394695542310d65f423) Importer(815301076,1909f56bfc062723c751e8b465ee728b)
Start importing Assets/Scenes/Tutorial.unity using Guid(34e183fbdc028394695542310d65f423) Importer(815301076,1909f56bfc062723c751e8b465ee728b)  -> (artifact id: '4d0851379ee29829d02e3dab1d46a8e4') in 0.014378 seconds 
========================================================================
Received Import Request.
  Time since last request: 148.820600 seconds.
  path: Assets/Big Retro Game Music Collection/Retro Platformer Music Package (Mixed Systems)/Tutorial.wav
  artifactKey: Guid(d6d2dc081b8e56a4dbad00abee41f342) Importer(815301076,1909f56bfc062723c751e8b465ee728b)
Start importing Assets/Big Retro Game Music Collection/Retro Platformer Music Package (Mixed Systems)/Tutorial.wav using Guid(d6d2dc081b8e56a4dbad00abee41f342) Importer(815301076,1909f56bfc062723c751e8b465ee728b)  -> (artifact id: '7923a48a60d7cc838556065c09036381') in 0.032988 seconds 
========================================================================
Received Import Request.
  Time since last request: 75.745331 seconds.
  path: Assets/SCI-FI UI Pack Pro/SCI-FI UI Pack_V2 Pro/Scenes
  artifactKey: Guid(2e11f61e9796e6c439f59ab299c991a3) Importer(815301076,1909f56bfc062723c751e8b465ee728b)
Start importing Assets/SCI-FI UI Pack Pro/SCI-FI UI Pack_V2 Pro/Scenes using Guid(2e11f61e9796e6c439f59ab299c991a3) Importer(815301076,1909f56bfc062723c751e8b465ee728b)  -> (artifact id: '70be3fe0fba96aa611aa8ffa5ab44e2a') in 0.005577 seconds 
========================================================================
Received Prepare
Registering precompiled user dll's ...
Registered in 0.004169 seconds.
Begin MonoManager ReloadAssembly
Native extension for WindowsStandalone target not found
Native extension for WebGL target not found
Refreshing native plugins compatible for Editor in 0.97 ms, found 0 plugins.
Preloading 0 native plugins for Editor in 0.00 ms.
Mono: successfully reloaded assembly
- Completed reload, in  0.883 seconds
Platform modules already initialized, skipping
Refreshing native plugins compatible for Editor in 0.97 ms, found 0 plugins.
Preloading 0 native plugins for Editor in 0.00 ms.
Unloading 1926 Unused Serialized files (Serialized files now loaded: 0)
System memory in use before: 92.4 MB.
System memory in use after: 92.5 MB.

Unloading 37 unused Assets to reduce memory usage. Loaded Objects now: 2423.
Total: 5.336400 ms (FindLiveObjects: 0.205500 ms CreateObjectMapping: 0.047200 ms MarkObjects: 5.058000 ms  DeleteObjects: 0.025000 ms)

========================================================================
Received Import Request.
  Time since last request: 58.863067 seconds.
  path: Assets/Sci-Fi Backgrounds/Scenes/Loading_screen_gold.unity
  artifactKey: Guid(af52778ac85934b3aaf59340cd2be545) Importer(815301076,1909f56bfc062723c751e8b465ee728b)
Start importing Assets/Sci-Fi Backgrounds/Scenes/Loading_screen_gold.unity using Guid(af52778ac85934b3aaf59340cd2be545) Importer(815301076,1909f56bfc062723c751e8b465ee728b)  -> (artifact id: '03a2633ccf28fa5e796b464f61f7e8c7') in 0.014461 seconds 
========================================================================
Received Import Request.
  Time since last request: 54.605098 seconds.
  path: Assets/Scenes/Tutorial.unity
  artifactKey: Guid(34e183fbdc028394695542310d65f423) Importer(815301076,1909f56bfc062723c751e8b465ee728b)
Start importing Assets/Scenes/Tutorial.unity using Guid(34e183fbdc028394695542310d65f423) Importer(815301076,1909f56bfc062723c751e8b465ee728b)  -> (artifact id: '4099f277762fdf4e3f8a9f612ed844ec') in 0.004546 seconds 
========================================================================
Received Prepare
Registering precompiled user dll's ...
Registered in 0.004198 seconds.
Begin MonoManager ReloadAssembly
Native extension for WindowsStandalone target not found
Native extension for WebGL target not found
Refreshing native plugins compatible for Editor in 1.00 ms, found 0 plugins.
Preloading 0 native plugins for Editor in 0.00 ms.
Mono: successfully reloaded assembly
- Completed reload, in  0.873 seconds
Platform modules already initialized, skipping
Refreshing native plugins compatible for Editor in 1.08 ms, found 0 plugins.
Preloading 0 native plugins for Editor in 0.00 ms.
Unloading 1926 Unused Serialized files (Serialized files now loaded: 0)
System memory in use before: 92.4 MB.
System memory in use after: 92.5 MB.

Unloading 37 unused Assets to reduce memory usage. Loaded Objects now: 2426.
Total: 5.769700 ms (FindLiveObjects: 0.214700 ms CreateObjectMapping: 0.049100 ms MarkObjects: 5.479200 ms  DeleteObjects: 0.025600 ms)

========================================================================
Received Prepare
Registering precompiled user dll's ...
Registered in 0.004351 seconds.
Begin MonoManager ReloadAssembly
Native extension for WindowsStandalone target not found
Native extension for WebGL target not found
Refreshing native plugins compatible for Editor in 0.96 ms, found 0 plugins.
Preloading 0 native plugins for Editor in 0.00 ms.
Mono: successfully reloaded assembly
- Completed reload, in  0.876 seconds
Platform modules already initialized, skipping
Refreshing native plugins compatible for Editor in 1.01 ms, found 0 plugins.
Preloading 0 native plugins for Editor in 0.00 ms.
Unloading 1926 Unused Serialized files (Serialized files now loaded: 0)
System memory in use before: 92.4 MB.
System memory in use after: 92.5 MB.

Unloading 37 unused Assets to reduce memory usage. Loaded Objects now: 2429.
Total: 6.356900 ms (FindLiveObjects: 0.196300 ms CreateObjectMapping: 0.046400 ms MarkObjects: 6.094100 ms  DeleteObjects: 0.019000 ms)

========================================================================
Received Prepare
Registering precompiled user dll's ...
Registered in 0.004265 seconds.
Begin MonoManager ReloadAssembly
Native extension for WindowsStandalone target not found
Native extension for WebGL target not found
Refreshing native plugins compatible for Editor in 0.98 ms, found 0 plugins.
Preloading 0 native plugins for Editor in 0.00 ms.
Mono: successfully reloaded assembly
- Completed reload, in  0.875 seconds
Platform modules already initialized, skipping
Refreshing native plugins compatible for Editor in 0.98 ms, found 0 plugins.
Preloading 0 native plugins for Editor in 0.00 ms.
Unloading 1926 Unused Serialized files (Serialized files now loaded: 0)
System memory in use before: 92.4 MB.
System memory in use after: 92.5 MB.

Unloading 37 unused Assets to reduce memory usage. Loaded Objects now: 2432.
Total: 5.169200 ms (FindLiveObjects: 0.213100 ms CreateObjectMapping: 0.048900 ms MarkObjects: 4.887300 ms  DeleteObjects: 0.018800 ms)

========================================================================
Received Prepare
Registering precompiled user dll's ...
Registered in 0.004670 seconds.
Begin MonoManager ReloadAssembly
Native extension for WindowsStandalone target not found
Native extension for WebGL target not found
Refreshing native plugins compatible for Editor in 1.00 ms, found 0 plugins.
Preloading 0 native plugins for Editor in 0.00 ms.
Mono: successfully reloaded assembly
- Completed reload, in  0.869 seconds
Platform modules already initialized, skipping
Refreshing native plugins compatible for Editor in 1.08 ms, found 0 plugins.
Preloading 0 native plugins for Editor in 0.00 ms.
Unloading 1926 Unused Serialized files (Serialized files now loaded: 0)
System memory in use before: 92.4 MB.
System memory in use after: 92.6 MB.

Unloading 37 unused Assets to reduce memory usage. Loaded Objects now: 2435.
Total: 5.407600 ms (FindLiveObjects: 0.257900 ms CreateObjectMapping: 0.045800 ms MarkObjects: 5.081000 ms  DeleteObjects: 0.021800 ms)

========================================================================
Received Prepare
Registering precompiled user dll's ...
Registered in 0.004515 seconds.
Begin MonoManager ReloadAssembly
Native extension for WindowsStandalone target not found
Native extension for WebGL target not found
Refreshing native plugins compatible for Editor in 0.98 ms, found 0 plugins.
Preloading 0 native plugins for Editor in 0.00 ms.
Mono: successfully reloaded assembly
- Completed reload, in  0.876 seconds
Platform modules already initialized, skipping
Refreshing native plugins compatible for Editor in 1.04 ms, found 0 plugins.
Preloading 0 native plugins for Editor in 0.00 ms.
Unloading 1926 Unused Serialized files (Serialized files now loaded: 0)
System memory in use before: 92.5 MB.
System memory in use after: 92.6 MB.

Unloading 37 unused Assets to reduce memory usage. Loaded Objects now: 2438.
Total: 5.327200 ms (FindLiveObjects: 0.195300 ms CreateObjectMapping: 0.048200 ms MarkObjects: 5.058800 ms  DeleteObjects: 0.024100 ms)

========================================================================
Received Import Request.
  Time since last request: 199.561715 seconds.
  path: Assets/Big Retro Game Music Collection/Retro Casual Music Package (8-bit, NES)/Retro Casual Theme #7 (looped).wav
  artifactKey: Guid(0d1601da02006134ea98fa692d051411) Importer(815301076,1909f56bfc062723c751e8b465ee728b)
Start importing Assets/Big Retro Game Music Collection/Retro Casual Music Package (8-bit, NES)/Retro Casual Theme #7 (looped).wav using Guid(0d1601da02006134ea98fa692d051411) Importer(815301076,1909f56bfc062723c751e8b465ee728b)  -> (artifact id: '612141b56114907f3ae97b817e390a04') in 0.043983 seconds 
========================================================================
Received Import Request.
  Time since last request: 48.283585 seconds.
  path: Assets/Big Retro Game Music Collection/Retro Casual Music Package (8-bit, NES)/Periodic Table Theme.wav
  artifactKey: Guid(88d9e0aa7eb2b9c46a83da1888bea242) Importer(815301076,1909f56bfc062723c751e8b465ee728b)
Start importing Assets/Big Retro Game Music Collection/Retro Casual Music Package (8-bit, NES)/Periodic Table Theme.wav using Guid(88d9e0aa7eb2b9c46a83da1888bea242) Importer(815301076,1909f56bfc062723c751e8b465ee728b)  -> (artifact id: '01231f2dc84636f0f2445e17b0179f24') in 0.010346 seconds 
========================================================================
Received Import Request.
  Time since last request: 7.750241 seconds.
  path: Assets/Big Retro Game Music Collection/Retro Casual Music Package (8-bit, NES)/Retro Casual Theme #7.wav
  artifactKey: Guid(5037f3d8c800c594791a020688f32634) Importer(815301076,1909f56bfc062723c751e8b465ee728b)
Start importing Assets/Big Retro Game Music Collection/Retro Casual Music Package (8-bit, NES)/Retro Casual Theme #7.wav using Guid(5037f3d8c800c594791a020688f32634) Importer(815301076,1909f56bfc062723c751e8b465ee728b)  -> (artifact id: '4b61d278457d61a7d11f04a9e22a24ff') in 0.010932 seconds 
========================================================================
Received Import Request.
  Time since last request: 20.122415 seconds.
  path: Assets/Big Retro Game Music Collection/Retro Battle Music Package (8-bit, NES)/Retro Battle Theme #1.wav
  artifactKey: Guid(a2210ecbe8714c241876bdd932ccaab1) Importer(815301076,1909f56bfc062723c751e8b465ee728b)
Start importing Assets/Big Retro Game Music Collection/Retro Battle Music Package (8-bit, NES)/Retro Battle Theme #1.wav using Guid(a2210ecbe8714c241876bdd932ccaab1) Importer(815301076,1909f56bfc062723c751e8b465ee728b)  -> (artifact id: 'b42721fc02ef4c7c295af6d2ee294d67') in 0.010664 seconds 
========================================================================
Received Import Request.
  Time since last request: 3.157065 seconds.
  path: Assets/Big Retro Game Music Collection/Retro Battle Music Package (8-bit, NES)/Retro Battle Theme #3.wav
  artifactKey: Guid(e0a266335f8fea048a7da8ab2ca49dfb) Importer(815301076,1909f56bfc062723c751e8b465ee728b)
Start importing Assets/Big Retro Game Music Collection/Retro Battle Music Package (8-bit, NES)/Retro Battle Theme #3.wav using Guid(e0a266335f8fea048a7da8ab2ca49dfb) Importer(815301076,1909f56bfc062723c751e8b465ee728b)  -> (artifact id: '02081a0938d14660f3de85858fae574f') in 0.011192 seconds 
========================================================================
Received Import Request.
  Time since last request: 29.335828 seconds.
  path: Assets/Big Retro Game Music Collection/Retro Victory, Defeat and Briefing (Mixed Systems)/Retro Defeat #3.wav
  artifactKey: Guid(c133078e2ab34394fb72df8ea3a6d81a) Importer(815301076,1909f56bfc062723c751e8b465ee728b)
Start importing Assets/Big Retro Game Music Collection/Retro Victory, Defeat and Briefing (Mixed Systems)/Retro Defeat #3.wav using Guid(c133078e2ab34394fb72df8ea3a6d81a) Importer(815301076,1909f56bfc062723c751e8b465ee728b)  -> (artifact id: '21bac7aab4334f62946541df0740c1de') in 0.010522 seconds 
========================================================================
Received Import Request.
  Time since last request: 10.731498 seconds.
  path: Assets/Prefabs
  artifactKey: Guid(60eeb8d1d23260a4095c823917917f8c) Importer(815301076,1909f56bfc062723c751e8b465ee728b)
Start importing Assets/Prefabs using Guid(60eeb8d1d23260a4095c823917917f8c) Importer(815301076,1909f56bfc062723c751e8b465ee728b)  -> (artifact id: 'aa6c3fd6d2cd849e90467c86f416c132') in 0.004180 seconds 
========================================================================
Received Import Request.
  Time since last request: 1.407753 seconds.
  path: Assets/Prefabs/Return2Main.prefab
  artifactKey: Guid(72351f9aaf0c563479e423d59a4b7c8c) Importer(815301076,1909f56bfc062723c751e8b465ee728b)
Start importing Assets/Prefabs/Return2Main.prefab using Guid(72351f9aaf0c563479e423d59a4b7c8c) Importer(815301076,1909f56bfc062723c751e8b465ee728b)  -> (artifact id: '16868ffaee7c0ece00cbecfbb4b39a96') in 0.070414 seconds 
========================================================================
Received Import Request.
  Time since last request: 27.235885 seconds.
  path: Assets/Sci-Fi Sounds/Doors and Portals/Door 1 Open 1.wav
  artifactKey: Guid(d68eb6099dff26f4bb38218916a8fdd8) Importer(815301076,1909f56bfc062723c751e8b465ee728b)
Start importing Assets/Sci-Fi Sounds/Doors and Portals/Door 1 Open 1.wav using Guid(d68eb6099dff26f4bb38218916a8fdd8) Importer(815301076,1909f56bfc062723c751e8b465ee728b)  -> (artifact id: '740abcb555be5725139854330188ed0c') in 0.012387 seconds 
========================================================================
Received Import Request.
  Time since last request: 3.322986 seconds.
  path: Assets/Sci-Fi Sounds/Doors and Portals/Door 1 Open 2.wav
  artifactKey: Guid(0fa49e965dec35846a279ca6531aa696) Importer(815301076,1909f56bfc062723c751e8b465ee728b)
Start importing Assets/Sci-Fi Sounds/Doors and Portals/Door 1 Open 2.wav using Guid(0fa49e965dec35846a279ca6531aa696) Importer(815301076,1909f56bfc062723c751e8b465ee728b)  -> (artifact id: '2b330d1a11ae19080841c6653fe58883') in 0.011056 seconds 
========================================================================
Received Import Request.
  Time since last request: 1.211132 seconds.
  path: Assets/Sci-Fi Sounds/Doors and Portals/Door 2 Close.wav
  artifactKey: Guid(14e5ce2109b253449962750972af91b2) Importer(815301076,1909f56bfc062723c751e8b465ee728b)
Start importing Assets/Sci-Fi Sounds/Doors and Portals/Door 2 Close.wav using Guid(14e5ce2109b253449962750972af91b2) Importer(815301076,1909f56bfc062723c751e8b465ee728b)  -> (artifact id: '627ede562d72394c7701beef8f7c81bc') in 0.011660 seconds 
========================================================================
Received Import Request.
  Time since last request: 3.722704 seconds.
  path: Assets/Sci-Fi Sounds/Doors and Portals/Door 3 Close 2.wav
  artifactKey: Guid(20bad55a63f0b3c43a94fff20d068a25) Importer(815301076,1909f56bfc062723c751e8b465ee728b)
Start importing Assets/Sci-Fi Sounds/Doors and Portals/Door 3 Close 2.wav using Guid(20bad55a63f0b3c43a94fff20d068a25) Importer(815301076,1909f56bfc062723c751e8b465ee728b)  -> (artifact id: '18c4e6487f932e746ceea835d74b3ccf') in 0.010930 seconds 
========================================================================
Received Import Request.
  Time since last request: 21.756068 seconds.
  path: Assets/Sci-Fi Sounds/Doors and Portals
  artifactKey: Guid(db53a3df774a4a742a26dcb78964ba42) Importer(815301076,1909f56bfc062723c751e8b465ee728b)
Start importing Assets/Sci-Fi Sounds/Doors and Portals using Guid(db53a3df774a4a742a26dcb78964ba42) Importer(815301076,1909f56bfc062723c751e8b465ee728b)  -> (artifact id: '970d1de49e62b3a62510fbf21afd17a7') in 0.005069 seconds 
========================================================================
Received Import Request.
  Time since last request: 28.344710 seconds.
  path: Assets/SCI-FI UI Pack Pro/Common
  artifactKey: Guid(04a4905c347a3a8408ae7228e2bed655) Importer(815301076,1909f56bfc062723c751e8b465ee728b)
Start importing Assets/SCI-FI UI Pack Pro/Common using Guid(04a4905c347a3a8408ae7228e2bed655) Importer(815301076,1909f56bfc062723c751e8b465ee728b)  -> (artifact id: '216183473cb5a77e38cbd64a1b3816b0') in 0.005127 seconds 
========================================================================
Received Import Request.
  Time since last request: 95.120913 seconds.
  path: Assets/SCI-FI UI Pack Pro/SCI-FI UI Pack_V1 Pro/Resources_V1 Pro/Textures/Components_V1/Components_V1_Part3/Icon_Crosshair7.png
  artifactKey: Guid(43f50fc7326b17b4bb3f1a1d39cf7f9d) Importer(815301076,1909f56bfc062723c751e8b465ee728b)
Start importing Assets/SCI-FI UI Pack Pro/SCI-FI UI Pack_V1 Pro/Resources_V1 Pro/Textures/Components_V1/Components_V1_Part3/Icon_Crosshair7.png using Guid(43f50fc7326b17b4bb3f1a1d39cf7f9d) Importer(815301076,1909f56bfc062723c751e8b465ee728b)  -> (artifact id: '11d0fd18c4898cf5fa76846f639470af') in 0.059958 seconds 
========================================================================
Received Import Request.
  Time since last request: 24.339017 seconds.
  path: Assets/SCI-FI UI Pack Pro/SCI-FI UI Pack_V1 Pro
  artifactKey: Guid(bb197b88b4f2013469fa02fe515314c7) Importer(815301076,1909f56bfc062723c751e8b465ee728b)
Start importing Assets/SCI-FI UI Pack Pro/SCI-FI UI Pack_V1 Pro using Guid(bb197b88b4f2013469fa02fe515314c7) Importer(815301076,1909f56bfc062723c751e8b465ee728b)  -> (artifact id: '17f6b86e19d8bb282d54769b04c72db0') in 0.007041 seconds 
========================================================================
Received Prepare
Registering precompiled user dll's ...
Registered in 0.004129 seconds.
Begin MonoManager ReloadAssembly
Native extension for WindowsStandalone target not found
Native extension for WebGL target not found
Refreshing native plugins compatible for Editor in 0.88 ms, found 0 plugins.
Preloading 0 native plugins for Editor in 0.00 ms.
Mono: successfully reloaded assembly
- Completed reload, in  0.878 seconds
Platform modules already initialized, skipping
Refreshing native plugins compatible for Editor in 0.88 ms, found 0 plugins.
Preloading 0 native plugins for Editor in 0.00 ms.
Unloading 1926 Unused Serialized files (Serialized files now loaded: 0)
System memory in use before: 92.9 MB.
System memory in use after: 93.0 MB.

Unloading 38 unused Assets to reduce memory usage. Loaded Objects now: 2459.
Total: 5.200300 ms (FindLiveObjects: 0.246300 ms CreateObjectMapping: 0.050800 ms MarkObjects: 4.879400 ms  DeleteObjects: 0.023100 ms)

========================================================================
Received Prepare
Registering precompiled user dll's ...
Registered in 0.004289 seconds.
Begin MonoManager ReloadAssembly
Native extension for WindowsStandalone target not found
Native extension for WebGL target not found
Refreshing native plugins compatible for Editor in 0.92 ms, found 0 plugins.
Preloading 0 native plugins for Editor in 0.00 ms.
Mono: successfully reloaded assembly
- Completed reload, in  0.878 seconds
Platform modules already initialized, skipping
Refreshing native plugins compatible for Editor in 0.90 ms, found 0 plugins.
Preloading 0 native plugins for Editor in 0.00 ms.
Unloading 1926 Unused Serialized files (Serialized files now loaded: 0)
System memory in use before: 92.9 MB.
System memory in use after: 93.0 MB.

Unloading 37 unused Assets to reduce memory usage. Loaded Objects now: 2462.
Total: 5.248300 ms (FindLiveObjects: 0.218100 ms CreateObjectMapping: 0.056000 ms MarkObjects: 4.951900 ms  DeleteObjects: 0.021100 ms)

AssetImportWorkerClient::OnTransportError - code=2 error=End of file
