Using pre-set license
Built from '2021.1/staging' branch; Version is '2021.1.3f1 (4bef613afd59) revision 4976481'; Using compiler version '192528614'; Build Type 'Release'
OS: 'Windows 10 Home; OS build 19041.928; Version 2004; 64bit' Language: 'en' Physical Memory: 16318 MB
BatchMode: 1, IsHumanControllingUs: 0, StartBugReporterOnCrash: 0, Is64bit: 1, IsPro: 0

 COMMAND LINE ARGUMENTS:
C:\Program Files\Unity\Hub\Editor\2021.1.3f1\Editor\Unity.exe
-adb2
-batchMode
-noUpm
-name
AssetImportWorker1
-projectPath
C:/Users/Haley/Documents/GitHub/salvation-army-games/Chemi-cool
-logFile
Logs/AssetImportWorker1.log
-srvPort
53180
Successfully changed project path to: C:/Users/Haley/Documents/GitHub/salvation-army-games/Chemi-cool
C:/Users/Haley/Documents/GitHub/salvation-army-games/Chemi-cool
Using Asset Import Pipeline V2.
Refreshing native plugins compatible for Editor in 68.13 ms, found 0 plugins.
Preloading 0 native plugins for Editor in 0.00 ms.
Initialize engine version: 2021.1.3f1 (4bef613afd59)
[Subsystems] Discovering subsystems at path C:/Program Files/Unity/Hub/Editor/2021.1.3f1/Editor/Data/Resources/UnitySubsystems
[Subsystems] Discovering subsystems at path C:/Users/Haley/Documents/GitHub/salvation-army-games/Chemi-cool/Assets
GfxDevice: creating device client; threaded=0; jobified=0
Direct3D:
    Version:  Direct3D 11.0 [level 11.1]
    Renderer: NVIDIA GeForce RTX 2070 SUPER (ID=0x1e84)
    Vendor:   NVIDIA
    VRAM:     8011 MB
    Driver:   27.21.14.6611
Initialize mono
Mono path[0] = 'C:/Program Files/Unity/Hub/Editor/2021.1.3f1/Editor/Data/Managed'
Mono path[1] = 'C:/Program Files/Unity/Hub/Editor/2021.1.3f1/Editor/Data/MonoBleedingEdge/lib/mono/unityjit'
Mono config path = 'C:/Program Files/Unity/Hub/Editor/2021.1.3f1/Editor/Data/MonoBleedingEdge/etc'
Using monoOptions --debugger-agent=transport=dt_socket,embedding=1,server=y,suspend=n,address=127.0.0.1:56168
Begin MonoManager ReloadAssembly
Registering precompiled unity dll's ...
Register platform support module: C:/Program Files/Unity/Hub/Editor/2021.1.3f1/Editor/Data/PlaybackEngines/WebGLSupport/UnityEditor.WebGL.Extensions.dll
Register platform support module: C:/Program Files/Unity/Hub/Editor/2021.1.3f1/Editor/Data/PlaybackEngines/WindowsStandaloneSupport/UnityEditor.WindowsStandalone.Extensions.dll
Registered in 0.002706 seconds.
Native extension for WindowsStandalone target not found
Native extension for WebGL target not found
Refreshing native plugins compatible for Editor in 63.57 ms, found 0 plugins.
Preloading 0 native plugins for Editor in 0.00 ms.
Mono: successfully reloaded assembly
- Completed reload, in  1.422 seconds
Platform modules already initialized, skipping
Registering precompiled user dll's ...
Registered in 0.004287 seconds.
Begin MonoManager ReloadAssembly
Native extension for WindowsStandalone target not found
Native extension for WebGL target not found
Refreshing native plugins compatible for Editor in 0.80 ms, found 0 plugins.
Preloading 0 native plugins for Editor in 0.00 ms.
Mono: successfully reloaded assembly
- Completed reload, in  0.925 seconds
Platform modules already initialized, skipping
========================================================================
Worker process is ready to serve import requests
Launched and connected shader compiler UnityShaderCompiler.exe after 0.05 seconds
Refreshing native plugins compatible for Editor in 0.81 ms, found 0 plugins.
Preloading 0 native plugins for Editor in 0.00 ms.
Unloading 1969 Unused Serialized files (Serialized files now loaded: 0)
System memory in use before: 89.9 MB.
System memory in use after: 89.9 MB.

Unloading 46 unused Assets to reduce memory usage. Loaded Objects now: 2403.
Total: 5.430300 ms (FindLiveObjects: 0.223800 ms CreateObjectMapping: 0.052100 ms MarkObjects: 5.090900 ms  DeleteObjects: 0.062300 ms)

========================================================================
Received Import Request.
  path: Assets/Scenes/LevelSelect.unity
  artifactKey: Guid(37978de1bdba1664890e3ec146d8b891) Importer(815301076,1909f56bfc062723c751e8b465ee728b)
Start importing Assets/Scenes/LevelSelect.unity using Guid(37978de1bdba1664890e3ec146d8b891) Importer(815301076,1909f56bfc062723c751e8b465ee728b)  -> (artifact id: '01565e5b0250aa1d19dcf50c0e81bdb8') in 0.012379 seconds 
========================================================================
Received Import Request.
  Time since last request: 20.801337 seconds.
  path: Assets/Scenes/PeriodicTable.unity
  artifactKey: Guid(75c9b865252b8bc4faed30b6948872ab) Importer(815301076,1909f56bfc062723c751e8b465ee728b)
Start importing Assets/Scenes/PeriodicTable.unity using Guid(75c9b865252b8bc4faed30b6948872ab) Importer(815301076,1909f56bfc062723c751e8b465ee728b)  -> (artifact id: '09a0e312845db4474026ea76023a1624') in 0.003997 seconds 
========================================================================
Received Prepare
Refreshing native plugins compatible for Editor in 9.61 ms, found 0 plugins.
Preloading 0 native plugins for Editor in 0.00 ms.
Unloading 36 Unused Serialized files (Serialized files now loaded: 0)
System memory in use before: 48.3 MB.
System memory in use after: 48.4 MB.

Unloading 35 unused Assets to reduce memory usage. Loaded Objects now: 2403.
Total: 5.576700 ms (FindLiveObjects: 0.219700 ms CreateObjectMapping: 0.054400 ms MarkObjects: 5.268800 ms  DeleteObjects: 0.032500 ms)

========================================================================
Received Prepare
Registering precompiled user dll's ...
Registered in 0.005031 seconds.
Begin MonoManager ReloadAssembly
Native extension for WindowsStandalone target not found
Native extension for WebGL target not found
Refreshing native plugins compatible for Editor in 0.84 ms, found 0 plugins.
Preloading 0 native plugins for Editor in 0.00 ms.
Mono: successfully reloaded assembly
- Completed reload, in  0.912 seconds
Platform modules already initialized, skipping
Refreshing native plugins compatible for Editor in 0.88 ms, found 0 plugins.
Preloading 0 native plugins for Editor in 0.00 ms.
Unloading 1926 Unused Serialized files (Serialized files now loaded: 0)
System memory in use before: 86.0 MB.
System memory in use after: 86.2 MB.

Unloading 37 unused Assets to reduce memory usage. Loaded Objects now: 2406.
Total: 6.119500 ms (FindLiveObjects: 0.295900 ms CreateObjectMapping: 0.051600 ms MarkObjects: 5.746500 ms  DeleteObjects: 0.024200 ms)

========================================================================
Received Prepare
Registering precompiled user dll's ...
Registered in 0.004210 seconds.
Begin MonoManager ReloadAssembly
Native extension for WindowsStandalone target not found
Native extension for WebGL target not found
Refreshing native plugins compatible for Editor in 0.81 ms, found 0 plugins.
Preloading 0 native plugins for Editor in 0.00 ms.
Mono: successfully reloaded assembly
- Completed reload, in  0.885 seconds
Platform modules already initialized, skipping
Refreshing native plugins compatible for Editor in 0.84 ms, found 0 plugins.
Preloading 0 native plugins for Editor in 0.00 ms.
Unloading 1926 Unused Serialized files (Serialized files now loaded: 0)
System memory in use before: 86.1 MB.
System memory in use after: 86.2 MB.

Unloading 37 unused Assets to reduce memory usage. Loaded Objects now: 2409.
Total: 5.380500 ms (FindLiveObjects: 0.180800 ms CreateObjectMapping: 0.047100 ms MarkObjects: 5.133300 ms  DeleteObjects: 0.017900 ms)

========================================================================
Received Prepare
Registering precompiled user dll's ...
Registered in 0.004640 seconds.
Begin MonoManager ReloadAssembly
Native extension for WindowsStandalone target not found
Native extension for WebGL target not found
Refreshing native plugins compatible for Editor in 0.82 ms, found 0 plugins.
Preloading 0 native plugins for Editor in 0.00 ms.
Mono: successfully reloaded assembly
- Completed reload, in  0.856 seconds
Platform modules already initialized, skipping
Refreshing native plugins compatible for Editor in 0.79 ms, found 0 plugins.
Preloading 0 native plugins for Editor in 0.00 ms.
Unloading 1926 Unused Serialized files (Serialized files now loaded: 0)
System memory in use before: 86.1 MB.
System memory in use after: 86.2 MB.

Unloading 37 unused Assets to reduce memory usage. Loaded Objects now: 2412.
Total: 5.604700 ms (FindLiveObjects: 0.164000 ms CreateObjectMapping: 0.049000 ms MarkObjects: 5.373200 ms  DeleteObjects: 0.017100 ms)

========================================================================
Received Prepare
Registering precompiled user dll's ...
Registered in 0.004540 seconds.
Begin MonoManager ReloadAssembly
Native extension for WindowsStandalone target not found
Native extension for WebGL target not found
Refreshing native plugins compatible for Editor in 0.91 ms, found 0 plugins.
Preloading 0 native plugins for Editor in 0.00 ms.
Mono: successfully reloaded assembly
- Completed reload, in  0.854 seconds
Platform modules already initialized, skipping
Refreshing native plugins compatible for Editor in 0.90 ms, found 0 plugins.
Preloading 0 native plugins for Editor in 0.00 ms.
Unloading 1926 Unused Serialized files (Serialized files now loaded: 0)
System memory in use before: 86.1 MB.
System memory in use after: 86.2 MB.

Unloading 37 unused Assets to reduce memory usage. Loaded Objects now: 2415.
Total: 5.200500 ms (FindLiveObjects: 0.168100 ms CreateObjectMapping: 0.052400 ms MarkObjects: 4.962700 ms  DeleteObjects: 0.016500 ms)

========================================================================
Received Prepare
Registering precompiled user dll's ...
Registered in 0.006115 seconds.
Begin MonoManager ReloadAssembly
Native extension for WindowsStandalone target not found
Native extension for WebGL target not found
Refreshing native plugins compatible for Editor in 0.80 ms, found 0 plugins.
Preloading 0 native plugins for Editor in 0.00 ms.
Mono: successfully reloaded assembly
- Completed reload, in  0.870 seconds
Platform modules already initialized, skipping
Refreshing native plugins compatible for Editor in 0.84 ms, found 0 plugins.
Preloading 0 native plugins for Editor in 0.00 ms.
Unloading 1926 Unused Serialized files (Serialized files now loaded: 0)
System memory in use before: 86.1 MB.
System memory in use after: 86.2 MB.

Unloading 37 unused Assets to reduce memory usage. Loaded Objects now: 2418.
Total: 5.700300 ms (FindLiveObjects: 0.207700 ms CreateObjectMapping: 0.048200 ms MarkObjects: 5.416600 ms  DeleteObjects: 0.026400 ms)

========================================================================
Received Prepare
Registering precompiled user dll's ...
Registered in 0.003985 seconds.
Begin MonoManager ReloadAssembly
Native extension for WindowsStandalone target not found
Native extension for WebGL target not found
Refreshing native plugins compatible for Editor in 0.84 ms, found 0 plugins.
Preloading 0 native plugins for Editor in 0.00 ms.
Mono: successfully reloaded assembly
- Completed reload, in  0.879 seconds
Platform modules already initialized, skipping
Refreshing native plugins compatible for Editor in 0.95 ms, found 0 plugins.
Preloading 0 native plugins for Editor in 0.00 ms.
Unloading 1926 Unused Serialized files (Serialized files now loaded: 0)
System memory in use before: 86.1 MB.
System memory in use after: 86.2 MB.

Unloading 37 unused Assets to reduce memory usage. Loaded Objects now: 2421.
Total: 6.058600 ms (FindLiveObjects: 0.206400 ms CreateObjectMapping: 0.045700 ms MarkObjects: 5.780500 ms  DeleteObjects: 0.024800 ms)

========================================================================
Received Prepare
Registering precompiled user dll's ...
Registered in 0.004005 seconds.
Begin MonoManager ReloadAssembly
Native extension for WindowsStandalone target not found
Native extension for WebGL target not found
Refreshing native plugins compatible for Editor in 0.82 ms, found 0 plugins.
Preloading 0 native plugins for Editor in 0.00 ms.
Mono: successfully reloaded assembly
- Completed reload, in  0.858 seconds
Platform modules already initialized, skipping
Refreshing native plugins compatible for Editor in 0.82 ms, found 0 plugins.
Preloading 0 native plugins for Editor in 0.00 ms.
Unloading 1926 Unused Serialized files (Serialized files now loaded: 0)
System memory in use before: 86.1 MB.
System memory in use after: 86.2 MB.

Unloading 37 unused Assets to reduce memory usage. Loaded Objects now: 2424.
Total: 5.531000 ms (FindLiveObjects: 0.177600 ms CreateObjectMapping: 0.045100 ms MarkObjects: 5.286400 ms  DeleteObjects: 0.020800 ms)

========================================================================
Received Prepare
Registering precompiled user dll's ...
Registered in 0.005106 seconds.
Begin MonoManager ReloadAssembly
Native extension for WindowsStandalone target not found
Native extension for WebGL target not found
Refreshing native plugins compatible for Editor in 0.81 ms, found 0 plugins.
Preloading 0 native plugins for Editor in 0.00 ms.
Mono: successfully reloaded assembly
- Completed reload, in  0.898 seconds
Platform modules already initialized, skipping
Refreshing native plugins compatible for Editor in 0.81 ms, found 0 plugins.
Preloading 0 native plugins for Editor in 0.00 ms.
Unloading 1926 Unused Serialized files (Serialized files now loaded: 0)
System memory in use before: 86.1 MB.
System memory in use after: 86.3 MB.

Unloading 37 unused Assets to reduce memory usage. Loaded Objects now: 2427.
Total: 5.717300 ms (FindLiveObjects: 0.233600 ms CreateObjectMapping: 0.050100 ms MarkObjects: 5.405000 ms  DeleteObjects: 0.027200 ms)

========================================================================
Received Prepare
Registering precompiled user dll's ...
Registered in 0.004294 seconds.
Begin MonoManager ReloadAssembly
Native extension for WindowsStandalone target not found
Native extension for WebGL target not found
Refreshing native plugins compatible for Editor in 0.83 ms, found 0 plugins.
Preloading 0 native plugins for Editor in 0.00 ms.
Mono: successfully reloaded assembly
- Completed reload, in  0.856 seconds
Platform modules already initialized, skipping
Refreshing native plugins compatible for Editor in 0.82 ms, found 0 plugins.
Preloading 0 native plugins for Editor in 0.00 ms.
Unloading 1926 Unused Serialized files (Serialized files now loaded: 0)
System memory in use before: 86.2 MB.
System memory in use after: 86.3 MB.

Unloading 37 unused Assets to reduce memory usage. Loaded Objects now: 2430.
Total: 6.254000 ms (FindLiveObjects: 0.260400 ms CreateObjectMapping: 0.073000 ms MarkObjects: 5.892200 ms  DeleteObjects: 0.027100 ms)

========================================================================
Received Import Request.
  Time since last request: 3655.906635 seconds.
  path: Assets/Scenes/PeriodicTable.unity
  artifactKey: Guid(75c9b865252b8bc4faed30b6948872ab) Importer(815301076,1909f56bfc062723c751e8b465ee728b)
Start importing Assets/Scenes/PeriodicTable.unity using Guid(75c9b865252b8bc4faed30b6948872ab) Importer(815301076,1909f56bfc062723c751e8b465ee728b)  -> (artifact id: '1c7fb97e89c131c09bd596b700417e7e') in 0.013665 seconds 
========================================================================
Received Import Request.
  Time since last request: 17.408843 seconds.
  path: Assets/Scenes/Level1.unity
  artifactKey: Guid(590031cbfb741844aaa5826154d7a59f) Importer(815301076,1909f56bfc062723c751e8b465ee728b)
Start importing Assets/Scenes/Level1.unity using Guid(590031cbfb741844aaa5826154d7a59f) Importer(815301076,1909f56bfc062723c751e8b465ee728b)  -> (artifact id: 'a7e9e8b73aa6de228a6da8ecd8349be4') in 0.003776 seconds 
========================================================================
Received Prepare
Registering precompiled user dll's ...
Registered in 0.004152 seconds.
Begin MonoManager ReloadAssembly
Native extension for WindowsStandalone target not found
Native extension for WebGL target not found
Refreshing native plugins compatible for Editor in 0.81 ms, found 0 plugins.
Preloading 0 native plugins for Editor in 0.00 ms.
Mono: successfully reloaded assembly
- Completed reload, in  0.880 seconds
Platform modules already initialized, skipping
Refreshing native plugins compatible for Editor in 0.87 ms, found 0 plugins.
Preloading 0 native plugins for Editor in 0.00 ms.
Unloading 1926 Unused Serialized files (Serialized files now loaded: 0)
System memory in use before: 86.2 MB.
System memory in use after: 86.3 MB.

Unloading 37 unused Assets to reduce memory usage. Loaded Objects now: 2433.
Total: 5.511600 ms (FindLiveObjects: 0.290800 ms CreateObjectMapping: 0.050800 ms MarkObjects: 5.147000 ms  DeleteObjects: 0.021800 ms)

========================================================================
Received Prepare
Registering precompiled user dll's ...
Registered in 0.004082 seconds.
Begin MonoManager ReloadAssembly
Native extension for WindowsStandalone target not found
Native extension for WebGL target not found
Refreshing native plugins compatible for Editor in 0.84 ms, found 0 plugins.
Preloading 0 native plugins for Editor in 0.00 ms.
Mono: successfully reloaded assembly
- Completed reload, in  0.880 seconds
Platform modules already initialized, skipping
Refreshing native plugins compatible for Editor in 0.82 ms, found 0 plugins.
Preloading 0 native plugins for Editor in 0.00 ms.
Unloading 1926 Unused Serialized files (Serialized files now loaded: 0)
System memory in use before: 86.2 MB.
System memory in use after: 86.3 MB.

Unloading 37 unused Assets to reduce memory usage. Loaded Objects now: 2436.
Total: 5.647400 ms (FindLiveObjects: 0.283700 ms CreateObjectMapping: 0.059400 ms MarkObjects: 5.277400 ms  DeleteObjects: 0.025600 ms)

========================================================================
Received Prepare
Registering precompiled user dll's ...
Registered in 0.004141 seconds.
Begin MonoManager ReloadAssembly
Native extension for WindowsStandalone target not found
Native extension for WebGL target not found
Refreshing native plugins compatible for Editor in 0.81 ms, found 0 plugins.
Preloading 0 native plugins for Editor in 0.00 ms.
Mono: successfully reloaded assembly
- Completed reload, in  0.874 seconds
Platform modules already initialized, skipping
Refreshing native plugins compatible for Editor in 0.82 ms, found 0 plugins.
Preloading 0 native plugins for Editor in 0.00 ms.
Unloading 1926 Unused Serialized files (Serialized files now loaded: 0)
System memory in use before: 86.2 MB.
System memory in use after: 86.3 MB.

Unloading 37 unused Assets to reduce memory usage. Loaded Objects now: 2439.
Total: 5.259700 ms (FindLiveObjects: 0.191500 ms CreateObjectMapping: 0.047800 ms MarkObjects: 4.996700 ms  DeleteObjects: 0.022700 ms)

========================================================================
Received Prepare
Registering precompiled user dll's ...
Registered in 0.004152 seconds.
Begin MonoManager ReloadAssembly
Native extension for WindowsStandalone target not found
Native extension for WebGL target not found
Refreshing native plugins compatible for Editor in 0.84 ms, found 0 plugins.
Preloading 0 native plugins for Editor in 0.00 ms.
Mono: successfully reloaded assembly
- Completed reload, in  0.875 seconds
Platform modules already initialized, skipping
Refreshing native plugins compatible for Editor in 0.80 ms, found 0 plugins.
Preloading 0 native plugins for Editor in 0.00 ms.
Unloading 1926 Unused Serialized files (Serialized files now loaded: 0)
System memory in use before: 86.2 MB.
System memory in use after: 86.3 MB.

Unloading 37 unused Assets to reduce memory usage. Loaded Objects now: 2442.
Total: 5.344100 ms (FindLiveObjects: 0.186100 ms CreateObjectMapping: 0.050600 ms MarkObjects: 5.085400 ms  DeleteObjects: 0.021200 ms)

========================================================================
Received Prepare
Registering precompiled user dll's ...
Registered in 0.003961 seconds.
Begin MonoManager ReloadAssembly
Native extension for WindowsStandalone target not found
Native extension for WebGL target not found
Refreshing native plugins compatible for Editor in 0.86 ms, found 0 plugins.
Preloading 0 native plugins for Editor in 0.00 ms.
Mono: successfully reloaded assembly
- Completed reload, in  0.870 seconds
Platform modules already initialized, skipping
Refreshing native plugins compatible for Editor in 0.84 ms, found 0 plugins.
Preloading 0 native plugins for Editor in 0.00 ms.
Unloading 1926 Unused Serialized files (Serialized files now loaded: 0)
System memory in use before: 86.2 MB.
System memory in use after: 86.3 MB.

Unloading 37 unused Assets to reduce memory usage. Loaded Objects now: 2445.
Total: 5.317200 ms (FindLiveObjects: 0.202500 ms CreateObjectMapping: 0.047900 ms MarkObjects: 5.044400 ms  DeleteObjects: 0.021400 ms)

========================================================================
Received Prepare
Registering precompiled user dll's ...
Registered in 0.004026 seconds.
Begin MonoManager ReloadAssembly
Native extension for WindowsStandalone target not found
Native extension for WebGL target not found
Refreshing native plugins compatible for Editor in 0.82 ms, found 0 plugins.
Preloading 0 native plugins for Editor in 0.00 ms.
Mono: successfully reloaded assembly
- Completed reload, in  0.880 seconds
Platform modules already initialized, skipping
Refreshing native plugins compatible for Editor in 0.85 ms, found 0 plugins.
Preloading 0 native plugins for Editor in 0.00 ms.
Unloading 1926 Unused Serialized files (Serialized files now loaded: 0)
System memory in use before: 86.2 MB.
System memory in use after: 86.3 MB.

Unloading 37 unused Assets to reduce memory usage. Loaded Objects now: 2448.
Total: 6.035500 ms (FindLiveObjects: 0.262400 ms CreateObjectMapping: 0.051200 ms MarkObjects: 5.692100 ms  DeleteObjects: 0.028200 ms)

========================================================================
Received Prepare
Registering precompiled user dll's ...
Registered in 0.004020 seconds.
Begin MonoManager ReloadAssembly
Native extension for WindowsStandalone target not found
Native extension for WebGL target not found
Refreshing native plugins compatible for Editor in 0.81 ms, found 0 plugins.
Preloading 0 native plugins for Editor in 0.00 ms.
Mono: successfully reloaded assembly
- Completed reload, in  0.866 seconds
Platform modules already initialized, skipping
Refreshing native plugins compatible for Editor in 0.83 ms, found 0 plugins.
Preloading 0 native plugins for Editor in 0.00 ms.
Unloading 1926 Unused Serialized files (Serialized files now loaded: 0)
System memory in use before: 86.2 MB.
System memory in use after: 86.3 MB.

Unloading 37 unused Assets to reduce memory usage. Loaded Objects now: 2451.
Total: 5.350300 ms (FindLiveObjects: 0.162700 ms CreateObjectMapping: 0.052600 ms MarkObjects: 5.110200 ms  DeleteObjects: 0.024000 ms)

========================================================================
Received Prepare
Registering precompiled user dll's ...
Registered in 0.003929 seconds.
Begin MonoManager ReloadAssembly
Native extension for WindowsStandalone target not found
Native extension for WebGL target not found
Refreshing native plugins compatible for Editor in 0.82 ms, found 0 plugins.
Preloading 0 native plugins for Editor in 0.00 ms.
Mono: successfully reloaded assembly
- Completed reload, in  0.849 seconds
Platform modules already initialized, skipping
Refreshing native plugins compatible for Editor in 0.81 ms, found 0 plugins.
Preloading 0 native plugins for Editor in 0.00 ms.
Unloading 1926 Unused Serialized files (Serialized files now loaded: 0)
System memory in use before: 86.2 MB.
System memory in use after: 86.3 MB.

Unloading 37 unused Assets to reduce memory usage. Loaded Objects now: 2454.
Total: 5.405500 ms (FindLiveObjects: 0.228800 ms CreateObjectMapping: 0.047700 ms MarkObjects: 5.111300 ms  DeleteObjects: 0.016800 ms)

========================================================================
Received Prepare
Registering precompiled user dll's ...
Registered in 0.004279 seconds.
Begin MonoManager ReloadAssembly
Native extension for WindowsStandalone target not found
Native extension for WebGL target not found
Refreshing native plugins compatible for Editor in 0.83 ms, found 0 plugins.
Preloading 0 native plugins for Editor in 0.00 ms.
Mono: successfully reloaded assembly
- Completed reload, in  0.877 seconds
Platform modules already initialized, skipping
Refreshing native plugins compatible for Editor in 0.83 ms, found 0 plugins.
Preloading 0 native plugins for Editor in 0.00 ms.
Unloading 1926 Unused Serialized files (Serialized files now loaded: 0)
System memory in use before: 86.2 MB.
System memory in use after: 86.3 MB.

Unloading 37 unused Assets to reduce memory usage. Loaded Objects now: 2457.
Total: 5.513400 ms (FindLiveObjects: 0.202900 ms CreateObjectMapping: 0.047800 ms MarkObjects: 5.232900 ms  DeleteObjects: 0.028700 ms)

========================================================================
Received Prepare
Registering precompiled user dll's ...
Registered in 0.004103 seconds.
Begin MonoManager ReloadAssembly
Native extension for WindowsStandalone target not found
Native extension for WebGL target not found
Refreshing native plugins compatible for Editor in 0.80 ms, found 0 plugins.
Preloading 0 native plugins for Editor in 0.00 ms.
Mono: successfully reloaded assembly
- Completed reload, in  0.877 seconds
Platform modules already initialized, skipping
Refreshing native plugins compatible for Editor in 0.83 ms, found 0 plugins.
Preloading 0 native plugins for Editor in 0.00 ms.
Unloading 1926 Unused Serialized files (Serialized files now loaded: 0)
System memory in use before: 86.2 MB.
System memory in use after: 86.3 MB.

Unloading 37 unused Assets to reduce memory usage. Loaded Objects now: 2460.
Total: 5.396800 ms (FindLiveObjects: 0.171700 ms CreateObjectMapping: 0.052600 ms MarkObjects: 5.145600 ms  DeleteObjects: 0.025800 ms)

========================================================================
Received Prepare
Registering precompiled user dll's ...
Registered in 0.003983 seconds.
Begin MonoManager ReloadAssembly
Native extension for WindowsStandalone target not found
Native extension for WebGL target not found
Refreshing native plugins compatible for Editor in 0.83 ms, found 0 plugins.
Preloading 0 native plugins for Editor in 0.00 ms.
Mono: successfully reloaded assembly
- Completed reload, in  0.878 seconds
Platform modules already initialized, skipping
Refreshing native plugins compatible for Editor in 0.82 ms, found 0 plugins.
Preloading 0 native plugins for Editor in 0.00 ms.
Unloading 1926 Unused Serialized files (Serialized files now loaded: 0)
System memory in use before: 86.2 MB.
System memory in use after: 86.3 MB.

Unloading 37 unused Assets to reduce memory usage. Loaded Objects now: 2463.
Total: 5.304700 ms (FindLiveObjects: 0.202300 ms CreateObjectMapping: 0.048500 ms MarkObjects: 5.025500 ms  DeleteObjects: 0.027500 ms)

========================================================================
Received Prepare
Registering precompiled user dll's ...
Registered in 0.004093 seconds.
Begin MonoManager ReloadAssembly
Native extension for WindowsStandalone target not found
Native extension for WebGL target not found
Refreshing native plugins compatible for Editor in 0.81 ms, found 0 plugins.
Preloading 0 native plugins for Editor in 0.00 ms.
Mono: successfully reloaded assembly
- Completed reload, in  0.868 seconds
Platform modules already initialized, skipping
Refreshing native plugins compatible for Editor in 0.81 ms, found 0 plugins.
Preloading 0 native plugins for Editor in 0.00 ms.
Unloading 1926 Unused Serialized files (Serialized files now loaded: 0)
System memory in use before: 86.2 MB.
System memory in use after: 86.3 MB.

Unloading 37 unused Assets to reduce memory usage. Loaded Objects now: 2466.
Total: 5.230300 ms (FindLiveObjects: 0.188700 ms CreateObjectMapping: 0.048000 ms MarkObjects: 4.975200 ms  DeleteObjects: 0.017600 ms)

========================================================================
Received Import Request.
  Time since last request: 370.373840 seconds.
  path: Assets/Scenes/Level1.unity
  artifactKey: Guid(590031cbfb741844aaa5826154d7a59f) Importer(815301076,1909f56bfc062723c751e8b465ee728b)
Start importing Assets/Scenes/Level1.unity using Guid(590031cbfb741844aaa5826154d7a59f) Importer(815301076,1909f56bfc062723c751e8b465ee728b)  -> (artifact id: 'b33c0128607643c7d172ba54bd7fe1bb') in 0.012760 seconds 
========================================================================
Received Import Request.
  Time since last request: 2.287059 seconds.
  path: Assets/Scenes/Level2.unity
  artifactKey: Guid(96e5fcb29b80f934d8716da22d59d704) Importer(815301076,1909f56bfc062723c751e8b465ee728b)
Start importing Assets/Scenes/Level2.unity using Guid(96e5fcb29b80f934d8716da22d59d704) Importer(815301076,1909f56bfc062723c751e8b465ee728b)  -> (artifact id: 'df228e17ae746984d25696c58d0418c4') in 0.004158 seconds 
========================================================================
Received Prepare
Registering precompiled user dll's ...
Registered in 0.004240 seconds.
Begin MonoManager ReloadAssembly
Native extension for WindowsStandalone target not found
Native extension for WebGL target not found
Refreshing native plugins compatible for Editor in 0.81 ms, found 0 plugins.
Preloading 0 native plugins for Editor in 0.00 ms.
Mono: successfully reloaded assembly
- Completed reload, in  0.868 seconds
Platform modules already initialized, skipping
Refreshing native plugins compatible for Editor in 0.81 ms, found 0 plugins.
Preloading 0 native plugins for Editor in 0.00 ms.
Unloading 1926 Unused Serialized files (Serialized files now loaded: 0)
System memory in use before: 86.2 MB.
System memory in use after: 86.4 MB.

Unloading 37 unused Assets to reduce memory usage. Loaded Objects now: 2469.
Total: 5.758800 ms (FindLiveObjects: 0.186800 ms CreateObjectMapping: 0.052600 ms MarkObjects: 5.494700 ms  DeleteObjects: 0.023600 ms)

========================================================================
Received Import Request.
  Time since last request: 88.839254 seconds.
  path: Assets/Scenes/Level3.unity
  artifactKey: Guid(8fbb4fc2f4aff30409c5d6eed739b7d3) Importer(815301076,1909f56bfc062723c751e8b465ee728b)
Start importing Assets/Scenes/Level3.unity using Guid(8fbb4fc2f4aff30409c5d6eed739b7d3) Importer(815301076,1909f56bfc062723c751e8b465ee728b)  -> (artifact id: '7c5c943fb3a9bf120b29ff507b4e89f6') in 0.012964 seconds 
========================================================================
Received Prepare
Registering precompiled user dll's ...
Registered in 0.004010 seconds.
Begin MonoManager ReloadAssembly
Native extension for WindowsStandalone target not found
Native extension for WebGL target not found
Refreshing native plugins compatible for Editor in 0.82 ms, found 0 plugins.
Preloading 0 native plugins for Editor in 0.00 ms.
Mono: successfully reloaded assembly
- Completed reload, in  0.895 seconds
Platform modules already initialized, skipping
Refreshing native plugins compatible for Editor in 0.86 ms, found 0 plugins.
Preloading 0 native plugins for Editor in 0.00 ms.
Unloading 1926 Unused Serialized files (Serialized files now loaded: 0)
System memory in use before: 86.3 MB.
System memory in use after: 86.4 MB.

Unloading 37 unused Assets to reduce memory usage. Loaded Objects now: 2472.
Total: 5.281700 ms (FindLiveObjects: 0.236500 ms CreateObjectMapping: 0.045600 ms MarkObjects: 4.977200 ms  DeleteObjects: 0.021200 ms)

========================================================================
Received Prepare
Registering precompiled user dll's ...
Registered in 0.004227 seconds.
Begin MonoManager ReloadAssembly
Native extension for WindowsStandalone target not found
Native extension for WebGL target not found
Refreshing native plugins compatible for Editor in 0.82 ms, found 0 plugins.
Preloading 0 native plugins for Editor in 0.00 ms.
Mono: successfully reloaded assembly
- Completed reload, in  0.876 seconds
Platform modules already initialized, skipping
Refreshing native plugins compatible for Editor in 0.85 ms, found 0 plugins.
Preloading 0 native plugins for Editor in 0.00 ms.
Unloading 1926 Unused Serialized files (Serialized files now loaded: 0)
System memory in use before: 86.3 MB.
System memory in use after: 86.4 MB.

Unloading 37 unused Assets to reduce memory usage. Loaded Objects now: 2475.
Total: 5.368200 ms (FindLiveObjects: 0.207900 ms CreateObjectMapping: 0.050500 ms MarkObjects: 5.087400 ms  DeleteObjects: 0.021400 ms)

========================================================================
Received Prepare
Registering precompiled user dll's ...
Registered in 0.004433 seconds.
Begin MonoManager ReloadAssembly
Native extension for WindowsStandalone target not found
Native extension for WebGL target not found
Refreshing native plugins compatible for Editor in 0.80 ms, found 0 plugins.
Preloading 0 native plugins for Editor in 0.00 ms.
Mono: successfully reloaded assembly
- Completed reload, in  0.857 seconds
Platform modules already initialized, skipping
Refreshing native plugins compatible for Editor in 0.80 ms, found 0 plugins.
Preloading 0 native plugins for Editor in 0.00 ms.
Unloading 1926 Unused Serialized files (Serialized files now loaded: 0)
System memory in use before: 86.3 MB.
System memory in use after: 86.4 MB.

Unloading 37 unused Assets to reduce memory usage. Loaded Objects now: 2478.
Total: 5.256200 ms (FindLiveObjects: 0.187900 ms CreateObjectMapping: 0.047600 ms MarkObjects: 4.996400 ms  DeleteObjects: 0.023500 ms)

========================================================================
Received Prepare
Registering precompiled user dll's ...
Registered in 0.004145 seconds.
Begin MonoManager ReloadAssembly
Native extension for WindowsStandalone target not found
Native extension for WebGL target not found
Refreshing native plugins compatible for Editor in 0.93 ms, found 0 plugins.
Preloading 0 native plugins for Editor in 0.00 ms.
Mono: successfully reloaded assembly
- Completed reload, in  0.872 seconds
Platform modules already initialized, skipping
Refreshing native plugins compatible for Editor in 0.88 ms, found 0 plugins.
Preloading 0 native plugins for Editor in 0.00 ms.
Unloading 1926 Unused Serialized files (Serialized files now loaded: 0)
System memory in use before: 86.3 MB.
System memory in use after: 86.4 MB.

Unloading 37 unused Assets to reduce memory usage. Loaded Objects now: 2481.
Total: 5.468700 ms (FindLiveObjects: 0.214100 ms CreateObjectMapping: 0.053600 ms MarkObjects: 5.178300 ms  DeleteObjects: 0.021500 ms)

========================================================================
Received Prepare
Registering precompiled user dll's ...
Registered in 0.004620 seconds.
Begin MonoManager ReloadAssembly
Native extension for WindowsStandalone target not found
Native extension for WebGL target not found
Refreshing native plugins compatible for Editor in 0.82 ms, found 0 plugins.
Preloading 0 native plugins for Editor in 0.00 ms.
Mono: successfully reloaded assembly
- Completed reload, in  0.870 seconds
Platform modules already initialized, skipping
Refreshing native plugins compatible for Editor in 0.83 ms, found 0 plugins.
Preloading 0 native plugins for Editor in 0.00 ms.
Unloading 1926 Unused Serialized files (Serialized files now loaded: 0)
System memory in use before: 86.3 MB.
System memory in use after: 86.4 MB.

Unloading 37 unused Assets to reduce memory usage. Loaded Objects now: 2484.
Total: 5.390100 ms (FindLiveObjects: 0.166000 ms CreateObjectMapping: 0.051300 ms MarkObjects: 5.151700 ms  DeleteObjects: 0.020300 ms)

========================================================================
Received Prepare
Registering precompiled user dll's ...
Registered in 0.004365 seconds.
Begin MonoManager ReloadAssembly
Native extension for WindowsStandalone target not found
Native extension for WebGL target not found
Refreshing native plugins compatible for Editor in 0.82 ms, found 0 plugins.
Preloading 0 native plugins for Editor in 0.00 ms.
Mono: successfully reloaded assembly
- Completed reload, in  0.856 seconds
Platform modules already initialized, skipping
Refreshing native plugins compatible for Editor in 0.80 ms, found 0 plugins.
Preloading 0 native plugins for Editor in 0.00 ms.
Unloading 1926 Unused Serialized files (Serialized files now loaded: 0)
System memory in use before: 86.3 MB.
System memory in use after: 86.4 MB.

Unloading 37 unused Assets to reduce memory usage. Loaded Objects now: 2487.
Total: 5.456300 ms (FindLiveObjects: 0.203600 ms CreateObjectMapping: 0.047600 ms MarkObjects: 5.184200 ms  DeleteObjects: 0.019900 ms)

========================================================================
Received Prepare
Registering precompiled user dll's ...
Registered in 0.003928 seconds.
Begin MonoManager ReloadAssembly
Native extension for WindowsStandalone target not found
Native extension for WebGL target not found
Refreshing native plugins compatible for Editor in 0.84 ms, found 0 plugins.
Preloading 0 native plugins for Editor in 0.00 ms.
Mono: successfully reloaded assembly
- Completed reload, in  0.871 seconds
Platform modules already initialized, skipping
Refreshing native plugins compatible for Editor in 0.84 ms, found 0 plugins.
Preloading 0 native plugins for Editor in 0.00 ms.
Unloading 1926 Unused Serialized files (Serialized files now loaded: 0)
System memory in use before: 86.3 MB.
System memory in use after: 86.4 MB.

Unloading 37 unused Assets to reduce memory usage. Loaded Objects now: 2490.
Total: 5.383600 ms (FindLiveObjects: 0.235900 ms CreateObjectMapping: 0.091000 ms MarkObjects: 5.031100 ms  DeleteObjects: 0.024600 ms)

========================================================================
Received Prepare
Registering precompiled user dll's ...
Registered in 0.004248 seconds.
Begin MonoManager ReloadAssembly
Native extension for WindowsStandalone target not found
Native extension for WebGL target not found
Refreshing native plugins compatible for Editor in 0.83 ms, found 0 plugins.
Preloading 0 native plugins for Editor in 0.00 ms.
Mono: successfully reloaded assembly
- Completed reload, in  0.873 seconds
Platform modules already initialized, skipping
Refreshing native plugins compatible for Editor in 0.80 ms, found 0 plugins.
Preloading 0 native plugins for Editor in 0.00 ms.
Unloading 1926 Unused Serialized files (Serialized files now loaded: 0)
System memory in use before: 86.3 MB.
System memory in use after: 86.4 MB.

Unloading 37 unused Assets to reduce memory usage. Loaded Objects now: 2493.
Total: 5.176000 ms (FindLiveObjects: 0.179800 ms CreateObjectMapping: 0.045500 ms MarkObjects: 4.931900 ms  DeleteObjects: 0.017800 ms)

========================================================================
Received Prepare
Registering precompiled user dll's ...
Registered in 0.004011 seconds.
Begin MonoManager ReloadAssembly
Native extension for WindowsStandalone target not found
Native extension for WebGL target not found
Refreshing native plugins compatible for Editor in 0.82 ms, found 0 plugins.
Preloading 0 native plugins for Editor in 0.00 ms.
Mono: successfully reloaded assembly
- Completed reload, in  0.867 seconds
Platform modules already initialized, skipping
Refreshing native plugins compatible for Editor in 0.80 ms, found 0 plugins.
Preloading 0 native plugins for Editor in 0.00 ms.
Unloading 1926 Unused Serialized files (Serialized files now loaded: 0)
System memory in use before: 86.3 MB.
System memory in use after: 86.4 MB.

Unloading 37 unused Assets to reduce memory usage. Loaded Objects now: 2496.
Total: 5.408800 ms (FindLiveObjects: 0.205700 ms CreateObjectMapping: 0.048200 ms MarkObjects: 5.128700 ms  DeleteObjects: 0.025300 ms)

========================================================================
Received Prepare
Registering precompiled user dll's ...
Registered in 0.004094 seconds.
Begin MonoManager ReloadAssembly
Native extension for WindowsStandalone target not found
Native extension for WebGL target not found
Refreshing native plugins compatible for Editor in 0.81 ms, found 0 plugins.
Preloading 0 native plugins for Editor in 0.00 ms.
Mono: successfully reloaded assembly
- Completed reload, in  0.867 seconds
Platform modules already initialized, skipping
Refreshing native plugins compatible for Editor in 0.87 ms, found 0 plugins.
Preloading 0 native plugins for Editor in 0.00 ms.
Unloading 1926 Unused Serialized files (Serialized files now loaded: 0)
System memory in use before: 86.3 MB.
System memory in use after: 86.4 MB.

Unloading 37 unused Assets to reduce memory usage. Loaded Objects now: 2499.
Total: 5.666900 ms (FindLiveObjects: 0.286400 ms CreateObjectMapping: 0.067300 ms MarkObjects: 5.285800 ms  DeleteObjects: 0.026300 ms)

========================================================================
Received Prepare
Registering precompiled user dll's ...
Registered in 0.004033 seconds.
Begin MonoManager ReloadAssembly
Native extension for WindowsStandalone target not found
Native extension for WebGL target not found
Refreshing native plugins compatible for Editor in 0.82 ms, found 0 plugins.
Preloading 0 native plugins for Editor in 0.00 ms.
Mono: successfully reloaded assembly
- Completed reload, in  0.880 seconds
Platform modules already initialized, skipping
Refreshing native plugins compatible for Editor in 0.83 ms, found 0 plugins.
Preloading 0 native plugins for Editor in 0.00 ms.
Unloading 1926 Unused Serialized files (Serialized files now loaded: 0)
System memory in use before: 86.3 MB.
System memory in use after: 86.4 MB.

Unloading 37 unused Assets to reduce memory usage. Loaded Objects now: 2502.
Total: 5.512600 ms (FindLiveObjects: 0.193200 ms CreateObjectMapping: 0.052800 ms MarkObjects: 5.242800 ms  DeleteObjects: 0.022600 ms)

========================================================================
Received Prepare
Registering precompiled user dll's ...
Registered in 0.004078 seconds.
Begin MonoManager ReloadAssembly
Native extension for WindowsStandalone target not found
Native extension for WebGL target not found
Refreshing native plugins compatible for Editor in 0.89 ms, found 0 plugins.
Preloading 0 native plugins for Editor in 0.00 ms.
Mono: successfully reloaded assembly
- Completed reload, in  0.863 seconds
Platform modules already initialized, skipping
Refreshing native plugins compatible for Editor in 0.93 ms, found 0 plugins.
Preloading 0 native plugins for Editor in 0.00 ms.
Unloading 1926 Unused Serialized files (Serialized files now loaded: 0)
System memory in use before: 86.3 MB.
System memory in use after: 86.4 MB.

Unloading 37 unused Assets to reduce memory usage. Loaded Objects now: 2505.
Total: 5.457200 ms (FindLiveObjects: 0.187800 ms CreateObjectMapping: 0.049400 ms MarkObjects: 5.193400 ms  DeleteObjects: 0.025400 ms)

========================================================================
Received Prepare
Registering precompiled user dll's ...
Registered in 0.004104 seconds.
Begin MonoManager ReloadAssembly
Native extension for WindowsStandalone target not found
Native extension for WebGL target not found
Refreshing native plugins compatible for Editor in 0.86 ms, found 0 plugins.
Preloading 0 native plugins for Editor in 0.00 ms.
Mono: successfully reloaded assembly
- Completed reload, in  0.873 seconds
Platform modules already initialized, skipping
Refreshing native plugins compatible for Editor in 0.82 ms, found 0 plugins.
Preloading 0 native plugins for Editor in 0.00 ms.
Unloading 1926 Unused Serialized files (Serialized files now loaded: 0)
System memory in use before: 86.3 MB.
System memory in use after: 86.4 MB.

Unloading 37 unused Assets to reduce memory usage. Loaded Objects now: 2508.
Total: 5.332700 ms (FindLiveObjects: 0.198400 ms CreateObjectMapping: 0.048000 ms MarkObjects: 5.067200 ms  DeleteObjects: 0.018400 ms)

========================================================================
Received Prepare
Registering precompiled user dll's ...
Registered in 0.004121 seconds.
Begin MonoManager ReloadAssembly
Native extension for WindowsStandalone target not found
Native extension for WebGL target not found
Refreshing native plugins compatible for Editor in 0.80 ms, found 0 plugins.
Preloading 0 native plugins for Editor in 0.00 ms.
Mono: successfully reloaded assembly
- Completed reload, in  0.863 seconds
Platform modules already initialized, skipping
Refreshing native plugins compatible for Editor in 0.80 ms, found 0 plugins.
Preloading 0 native plugins for Editor in 0.00 ms.
Unloading 1926 Unused Serialized files (Serialized files now loaded: 0)
System memory in use before: 86.3 MB.
System memory in use after: 86.4 MB.

Unloading 37 unused Assets to reduce memory usage. Loaded Objects now: 2511.
Total: 5.336600 ms (FindLiveObjects: 0.209800 ms CreateObjectMapping: 0.049400 ms MarkObjects: 5.059100 ms  DeleteObjects: 0.017400 ms)

========================================================================
Received Prepare
Registering precompiled user dll's ...
Registered in 0.004256 seconds.
Begin MonoManager ReloadAssembly
Native extension for WindowsStandalone target not found
Native extension for WebGL target not found
Refreshing native plugins compatible for Editor in 0.82 ms, found 0 plugins.
Preloading 0 native plugins for Editor in 0.00 ms.
Mono: successfully reloaded assembly
- Completed reload, in  0.864 seconds
Platform modules already initialized, skipping
Refreshing native plugins compatible for Editor in 0.82 ms, found 0 plugins.
Preloading 0 native plugins for Editor in 0.00 ms.
Unloading 1926 Unused Serialized files (Serialized files now loaded: 0)
System memory in use before: 86.3 MB.
System memory in use after: 86.5 MB.

Unloading 37 unused Assets to reduce memory usage. Loaded Objects now: 2514.
Total: 5.220000 ms (FindLiveObjects: 0.179300 ms CreateObjectMapping: 0.048900 ms MarkObjects: 4.972200 ms  DeleteObjects: 0.018500 ms)

========================================================================
Received Import Request.
  Time since last request: 992.474488 seconds.
  path: Assets/Scenes/Level10.unity
  artifactKey: Guid(711ea3453867f864390cafe2ddfc1e54) Importer(815301076,1909f56bfc062723c751e8b465ee728b)
Start importing Assets/Scenes/Level10.unity using Guid(711ea3453867f864390cafe2ddfc1e54) Importer(815301076,1909f56bfc062723c751e8b465ee728b)  -> (artifact id: '359ae408b0f9b159199ab2efbd2581fe') in 0.015341 seconds 
========================================================================
Received Prepare
Registering precompiled user dll's ...
Registered in 0.004292 seconds.
Begin MonoManager ReloadAssembly
Native extension for WindowsStandalone target not found
Native extension for WebGL target not found
Refreshing native plugins compatible for Editor in 0.81 ms, found 0 plugins.
Preloading 0 native plugins for Editor in 0.00 ms.
Mono: successfully reloaded assembly
- Completed reload, in  0.858 seconds
Platform modules already initialized, skipping
Refreshing native plugins compatible for Editor in 0.89 ms, found 0 plugins.
Preloading 0 native plugins for Editor in 0.00 ms.
Unloading 1926 Unused Serialized files (Serialized files now loaded: 0)
System memory in use before: 86.4 MB.
System memory in use after: 86.5 MB.

Unloading 37 unused Assets to reduce memory usage. Loaded Objects now: 2517.
Total: 5.359300 ms (FindLiveObjects: 0.191500 ms CreateObjectMapping: 0.047800 ms MarkObjects: 5.096600 ms  DeleteObjects: 0.022500 ms)

========================================================================
Received Import Request.
  Time since last request: 111.041977 seconds.
  path: Assets/Scenes/Level4.unity
  artifactKey: Guid(db0e26e7d8adeeb4080965a5c6103873) Importer(815301076,1909f56bfc062723c751e8b465ee728b)
Start importing Assets/Scenes/Level4.unity using Guid(db0e26e7d8adeeb4080965a5c6103873) Importer(815301076,1909f56bfc062723c751e8b465ee728b)  -> (artifact id: '2fac433d7be6750a04b9610dde4a9ce4') in 0.015552 seconds 
========================================================================
Received Prepare
Refreshing native plugins compatible for Editor in 9.64 ms, found 0 plugins.
Preloading 0 native plugins for Editor in 0.00 ms.
Unloading 36 Unused Serialized files (Serialized files now loaded: 0)
System memory in use before: 48.8 MB.
System memory in use after: 48.9 MB.

Unloading 35 unused Assets to reduce memory usage. Loaded Objects now: 2517.
Total: 5.668400 ms (FindLiveObjects: 0.190700 ms CreateObjectMapping: 0.051800 ms MarkObjects: 5.412300 ms  DeleteObjects: 0.013000 ms)

========================================================================
Received Prepare
Registering precompiled user dll's ...
Registered in 0.004176 seconds.
Begin MonoManager ReloadAssembly
Native extension for WindowsStandalone target not found
Native extension for WebGL target not found
Refreshing native plugins compatible for Editor in 0.83 ms, found 0 plugins.
Preloading 0 native plugins for Editor in 0.00 ms.
Mono: successfully reloaded assembly
- Completed reload, in  0.883 seconds
Platform modules already initialized, skipping
Refreshing native plugins compatible for Editor in 0.86 ms, found 0 plugins.
Preloading 0 native plugins for Editor in 0.00 ms.
Unloading 1926 Unused Serialized files (Serialized files now loaded: 0)
System memory in use before: 86.4 MB.
System memory in use after: 86.5 MB.

Unloading 37 unused Assets to reduce memory usage. Loaded Objects now: 2520.
Total: 5.466900 ms (FindLiveObjects: 0.218900 ms CreateObjectMapping: 0.049700 ms MarkObjects: 5.177700 ms  DeleteObjects: 0.019400 ms)

========================================================================
Received Prepare
Refreshing native plugins compatible for Editor in 11.92 ms, found 0 plugins.
Preloading 0 native plugins for Editor in 0.00 ms.
Unloading 36 Unused Serialized files (Serialized files now loaded: 0)
System memory in use before: 48.8 MB.
System memory in use after: 48.9 MB.

Unloading 35 unused Assets to reduce memory usage. Loaded Objects now: 2520.
Total: 5.214700 ms (FindLiveObjects: 0.217000 ms CreateObjectMapping: 0.050000 ms MarkObjects: 4.928600 ms  DeleteObjects: 0.018300 ms)

========================================================================
Received Prepare
Refreshing native plugins compatible for Editor in 11.63 ms, found 0 plugins.
Preloading 0 native plugins for Editor in 0.00 ms.
Unloading 36 Unused Serialized files (Serialized files now loaded: 0)
System memory in use before: 48.8 MB.
System memory in use after: 48.9 MB.

Unloading 35 unused Assets to reduce memory usage. Loaded Objects now: 2520.
Total: 5.686500 ms (FindLiveObjects: 0.294500 ms CreateObjectMapping: 0.050200 ms MarkObjects: 5.317600 ms  DeleteObjects: 0.023100 ms)

========================================================================
Received Prepare
Registering precompiled user dll's ...
Registered in 0.004224 seconds.
Begin MonoManager ReloadAssembly
Native extension for WindowsStandalone target not found
Native extension for WebGL target not found
Refreshing native plugins compatible for Editor in 0.83 ms, found 0 plugins.
Preloading 0 native plugins for Editor in 0.00 ms.
Mono: successfully reloaded assembly
- Completed reload, in  0.884 seconds
Platform modules already initialized, skipping
Refreshing native plugins compatible for Editor in 0.81 ms, found 0 plugins.
Preloading 0 native plugins for Editor in 0.00 ms.
Unloading 1926 Unused Serialized files (Serialized files now loaded: 0)
System memory in use before: 86.4 MB.
System memory in use after: 86.5 MB.

Unloading 37 unused Assets to reduce memory usage. Loaded Objects now: 2523.
Total: 5.319900 ms (FindLiveObjects: 0.198600 ms CreateObjectMapping: 0.048400 ms MarkObjects: 5.053700 ms  DeleteObjects: 0.018400 ms)

========================================================================
Received Prepare
Refreshing native plugins compatible for Editor in 9.30 ms, found 0 plugins.
Preloading 0 native plugins for Editor in 0.00 ms.
Unloading 36 Unused Serialized files (Serialized files now loaded: 0)
System memory in use before: 48.8 MB.
System memory in use after: 49.0 MB.

Unloading 35 unused Assets to reduce memory usage. Loaded Objects now: 2523.
Total: 6.549100 ms (FindLiveObjects: 0.219300 ms CreateObjectMapping: 0.050200 ms MarkObjects: 6.260500 ms  DeleteObjects: 0.018400 ms)

========================================================================
Received Prepare
Refreshing native plugins compatible for Editor in 9.86 ms, found 0 plugins.
Preloading 0 native plugins for Editor in 0.00 ms.
Unloading 36 Unused Serialized files (Serialized files now loaded: 0)
System memory in use before: 48.8 MB.
System memory in use after: 49.0 MB.

Unloading 35 unused Assets to reduce memory usage. Loaded Objects now: 2523.
Total: 5.424500 ms (FindLiveObjects: 0.206600 ms CreateObjectMapping: 0.049700 ms MarkObjects: 5.148700 ms  DeleteObjects: 0.018300 ms)

========================================================================
Received Prepare
Refreshing native plugins compatible for Editor in 10.07 ms, found 0 plugins.
Preloading 0 native plugins for Editor in 0.00 ms.
Unloading 36 Unused Serialized files (Serialized files now loaded: 0)
System memory in use before: 48.8 MB.
System memory in use after: 49.0 MB.

Unloading 35 unused Assets to reduce memory usage. Loaded Objects now: 2523.
Total: 5.529800 ms (FindLiveObjects: 0.232400 ms CreateObjectMapping: 0.129700 ms MarkObjects: 5.143300 ms  DeleteObjects: 0.023500 ms)

========================================================================
Received Prepare
Registering precompiled user dll's ...
Registered in 0.004337 seconds.
Begin MonoManager ReloadAssembly
Native extension for WindowsStandalone target not found
Native extension for WebGL target not found
Refreshing native plugins compatible for Editor in 0.81 ms, found 0 plugins.
Preloading 0 native plugins for Editor in 0.00 ms.
Mono: successfully reloaded assembly
- Completed reload, in  0.860 seconds
Platform modules already initialized, skipping
Refreshing native plugins compatible for Editor in 0.81 ms, found 0 plugins.
Preloading 0 native plugins for Editor in 0.00 ms.
Unloading 1926 Unused Serialized files (Serialized files now loaded: 0)
System memory in use before: 86.4 MB.
System memory in use after: 86.5 MB.

Unloading 37 unused Assets to reduce memory usage. Loaded Objects now: 2526.
Total: 5.383700 ms (FindLiveObjects: 0.195500 ms CreateObjectMapping: 0.047300 ms MarkObjects: 5.123300 ms  DeleteObjects: 0.016800 ms)

========================================================================
Received Prepare
Registering precompiled user dll's ...
Registered in 0.003945 seconds.
Begin MonoManager ReloadAssembly
Native extension for WindowsStandalone target not found
Native extension for WebGL target not found
Refreshing native plugins compatible for Editor in 0.84 ms, found 0 plugins.
Preloading 0 native plugins for Editor in 0.00 ms.
Mono: successfully reloaded assembly
- Completed reload, in  0.877 seconds
Platform modules already initialized, skipping
Refreshing native plugins compatible for Editor in 0.84 ms, found 0 plugins.
Preloading 0 native plugins for Editor in 0.00 ms.
Unloading 1926 Unused Serialized files (Serialized files now loaded: 0)
System memory in use before: 86.4 MB.
System memory in use after: 86.5 MB.

Unloading 37 unused Assets to reduce memory usage. Loaded Objects now: 2529.
Total: 5.404500 ms (FindLiveObjects: 0.202900 ms CreateObjectMapping: 0.053300 ms MarkObjects: 5.126300 ms  DeleteObjects: 0.021100 ms)

========================================================================
Received Prepare
Registering precompiled user dll's ...
Registered in 0.004422 seconds.
Begin MonoManager ReloadAssembly
Native extension for WindowsStandalone target not found
Native extension for WebGL target not found
Refreshing native plugins compatible for Editor in 0.83 ms, found 0 plugins.
Preloading 0 native plugins for Editor in 0.00 ms.
Mono: successfully reloaded assembly
- Completed reload, in  0.866 seconds
Platform modules already initialized, skipping
Refreshing native plugins compatible for Editor in 0.85 ms, found 0 plugins.
Preloading 0 native plugins for Editor in 0.00 ms.
Unloading 1926 Unused Serialized files (Serialized files now loaded: 0)
System memory in use before: 86.4 MB.
System memory in use after: 86.5 MB.

Unloading 37 unused Assets to reduce memory usage. Loaded Objects now: 2532.
Total: 5.188300 ms (FindLiveObjects: 0.180900 ms CreateObjectMapping: 0.050300 ms MarkObjects: 4.937900 ms  DeleteObjects: 0.018000 ms)

========================================================================
Received Prepare
Refreshing native plugins compatible for Editor in 9.16 ms, found 0 plugins.
Preloading 0 native plugins for Editor in 0.00 ms.
Unloading 36 Unused Serialized files (Serialized files now loaded: 0)
System memory in use before: 48.9 MB.
System memory in use after: 49.0 MB.

Unloading 35 unused Assets to reduce memory usage. Loaded Objects now: 2532.
Total: 5.729600 ms (FindLiveObjects: 0.218800 ms CreateObjectMapping: 0.053700 ms MarkObjects: 5.435000 ms  DeleteObjects: 0.021100 ms)

========================================================================
Received Prepare
Registering precompiled user dll's ...
Registered in 0.004021 seconds.
Begin MonoManager ReloadAssembly
Native extension for WindowsStandalone target not found
Native extension for WebGL target not found
Refreshing native plugins compatible for Editor in 0.85 ms, found 0 plugins.
Preloading 0 native plugins for Editor in 0.00 ms.
Mono: successfully reloaded assembly
- Completed reload, in  0.879 seconds
Platform modules already initialized, skipping
Refreshing native plugins compatible for Editor in 0.87 ms, found 0 plugins.
Preloading 0 native plugins for Editor in 0.00 ms.
Unloading 1926 Unused Serialized files (Serialized files now loaded: 0)
System memory in use before: 86.4 MB.
System memory in use after: 86.5 MB.

Unloading 37 unused Assets to reduce memory usage. Loaded Objects now: 2535.
Total: 5.832800 ms (FindLiveObjects: 0.223700 ms CreateObjectMapping: 0.051400 ms MarkObjects: 5.529300 ms  DeleteObjects: 0.027000 ms)

========================================================================
Received Prepare
Registering precompiled user dll's ...
Registered in 0.003870 seconds.
Begin MonoManager ReloadAssembly
Native extension for WindowsStandalone target not found
Native extension for WebGL target not found
Refreshing native plugins compatible for Editor in 0.89 ms, found 0 plugins.
Preloading 0 native plugins for Editor in 0.00 ms.
Mono: successfully reloaded assembly
- Completed reload, in  0.901 seconds
Platform modules already initialized, skipping
Refreshing native plugins compatible for Editor in 0.82 ms, found 0 plugins.
Preloading 0 native plugins for Editor in 0.00 ms.
Unloading 1926 Unused Serialized files (Serialized files now loaded: 0)
System memory in use before: 86.4 MB.
System memory in use after: 86.5 MB.

Unloading 37 unused Assets to reduce memory usage. Loaded Objects now: 2538.
Total: 5.370100 ms (FindLiveObjects: 0.198200 ms CreateObjectMapping: 0.053200 ms MarkObjects: 5.094900 ms  DeleteObjects: 0.022800 ms)

========================================================================
Received Prepare
Registering precompiled user dll's ...
Registered in 0.004049 seconds.
Begin MonoManager ReloadAssembly
Native extension for WindowsStandalone target not found
Native extension for WebGL target not found
Refreshing native plugins compatible for Editor in 0.88 ms, found 0 plugins.
Preloading 0 native plugins for Editor in 0.00 ms.
Mono: successfully reloaded assembly
- Completed reload, in  0.875 seconds
Platform modules already initialized, skipping
Refreshing native plugins compatible for Editor in 0.84 ms, found 0 plugins.
Preloading 0 native plugins for Editor in 0.00 ms.
Unloading 1926 Unused Serialized files (Serialized files now loaded: 0)
System memory in use before: 86.4 MB.
System memory in use after: 86.5 MB.

Unloading 37 unused Assets to reduce memory usage. Loaded Objects now: 2541.
Total: 5.412200 ms (FindLiveObjects: 0.250700 ms CreateObjectMapping: 0.051700 ms MarkObjects: 5.082900 ms  DeleteObjects: 0.025200 ms)

========================================================================
Received Prepare
Registering precompiled user dll's ...
Registered in 0.003897 seconds.
Begin MonoManager ReloadAssembly
Native extension for WindowsStandalone target not found
Native extension for WebGL target not found
Refreshing native plugins compatible for Editor in 0.82 ms, found 0 plugins.
Preloading 0 native plugins for Editor in 0.00 ms.
Mono: successfully reloaded assembly
- Completed reload, in  0.887 seconds
Platform modules already initialized, skipping
Refreshing native plugins compatible for Editor in 0.81 ms, found 0 plugins.
Preloading 0 native plugins for Editor in 0.00 ms.
Unloading 1926 Unused Serialized files (Serialized files now loaded: 0)
System memory in use before: 86.4 MB.
System memory in use after: 86.5 MB.

Unloading 37 unused Assets to reduce memory usage. Loaded Objects now: 2544.
Total: 5.537600 ms (FindLiveObjects: 0.221300 ms CreateObjectMapping: 0.049400 ms MarkObjects: 5.236300 ms  DeleteObjects: 0.029600 ms)

========================================================================
Received Prepare
Registering precompiled user dll's ...
Registered in 0.004246 seconds.
Begin MonoManager ReloadAssembly
Native extension for WindowsStandalone target not found
Native extension for WebGL target not found
Refreshing native plugins compatible for Editor in 0.80 ms, found 0 plugins.
Preloading 0 native plugins for Editor in 0.00 ms.
Mono: successfully reloaded assembly
- Completed reload, in  0.853 seconds
Platform modules already initialized, skipping
Refreshing native plugins compatible for Editor in 0.81 ms, found 0 plugins.
Preloading 0 native plugins for Editor in 0.00 ms.
Unloading 1926 Unused Serialized files (Serialized files now loaded: 0)
System memory in use before: 86.4 MB.
System memory in use after: 86.5 MB.

Unloading 37 unused Assets to reduce memory usage. Loaded Objects now: 2547.
Total: 5.246300 ms (FindLiveObjects: 0.179700 ms CreateObjectMapping: 0.053100 ms MarkObjects: 4.990700 ms  DeleteObjects: 0.021900 ms)

========================================================================
Received Prepare
Registering precompiled user dll's ...
Registered in 0.004279 seconds.
Begin MonoManager ReloadAssembly
Native extension for WindowsStandalone target not found
Native extension for WebGL target not found
Refreshing native plugins compatible for Editor in 0.82 ms, found 0 plugins.
Preloading 0 native plugins for Editor in 0.00 ms.
Mono: successfully reloaded assembly
- Completed reload, in  0.861 seconds
Platform modules already initialized, skipping
Refreshing native plugins compatible for Editor in 0.82 ms, found 0 plugins.
Preloading 0 native plugins for Editor in 0.00 ms.
Unloading 1926 Unused Serialized files (Serialized files now loaded: 0)
System memory in use before: 86.4 MB.
System memory in use after: 86.5 MB.

Unloading 37 unused Assets to reduce memory usage. Loaded Objects now: 2550.
Total: 5.443600 ms (FindLiveObjects: 0.183000 ms CreateObjectMapping: 0.053500 ms MarkObjects: 5.184700 ms  DeleteObjects: 0.021500 ms)

========================================================================
Received Prepare
Registering precompiled user dll's ...
Registered in 0.003927 seconds.
Begin MonoManager ReloadAssembly
Native extension for WindowsStandalone target not found
Native extension for WebGL target not found
Refreshing native plugins compatible for Editor in 0.81 ms, found 0 plugins.
Preloading 0 native plugins for Editor in 0.00 ms.
Mono: successfully reloaded assembly
- Completed reload, in  0.892 seconds
Platform modules already initialized, skipping
Refreshing native plugins compatible for Editor in 0.82 ms, found 0 plugins.
Preloading 0 native plugins for Editor in 0.00 ms.
Unloading 1926 Unused Serialized files (Serialized files now loaded: 0)
System memory in use before: 86.4 MB.
System memory in use after: 86.5 MB.

Unloading 37 unused Assets to reduce memory usage. Loaded Objects now: 2553.
Total: 5.586700 ms (FindLiveObjects: 0.260000 ms CreateObjectMapping: 0.051600 ms MarkObjects: 5.252700 ms  DeleteObjects: 0.021200 ms)

========================================================================
Received Prepare
Registering precompiled user dll's ...
Registered in 0.003926 seconds.
Begin MonoManager ReloadAssembly
Native extension for WindowsStandalone target not found
Native extension for WebGL target not found
Refreshing native plugins compatible for Editor in 0.83 ms, found 0 plugins.
Preloading 0 native plugins for Editor in 0.00 ms.
Mono: successfully reloaded assembly
- Completed reload, in  0.901 seconds
Platform modules already initialized, skipping
Refreshing native plugins compatible for Editor in 0.88 ms, found 0 plugins.
Preloading 0 native plugins for Editor in 0.00 ms.
Unloading 1926 Unused Serialized files (Serialized files now loaded: 0)
System memory in use before: 86.4 MB.
System memory in use after: 86.6 MB.

Unloading 37 unused Assets to reduce memory usage. Loaded Objects now: 2556.
Total: 5.660100 ms (FindLiveObjects: 0.271800 ms CreateObjectMapping: 0.054000 ms MarkObjects: 5.306400 ms  DeleteObjects: 0.026400 ms)

========================================================================
Received Prepare
Registering precompiled user dll's ...
Registered in 0.004543 seconds.
Begin MonoManager ReloadAssembly
Native extension for WindowsStandalone target not found
Native extension for WebGL target not found
Refreshing native plugins compatible for Editor in 0.82 ms, found 0 plugins.
Preloading 0 native plugins for Editor in 0.00 ms.
Mono: successfully reloaded assembly
- Completed reload, in  0.857 seconds
Platform modules already initialized, skipping
Refreshing native plugins compatible for Editor in 0.82 ms, found 0 plugins.
Preloading 0 native plugins for Editor in 0.00 ms.
Unloading 1926 Unused Serialized files (Serialized files now loaded: 0)
System memory in use before: 86.4 MB.
System memory in use after: 86.6 MB.

Unloading 37 unused Assets to reduce memory usage. Loaded Objects now: 2559.
Total: 5.252000 ms (FindLiveObjects: 0.189500 ms CreateObjectMapping: 0.051700 ms MarkObjects: 4.991800 ms  DeleteObjects: 0.018100 ms)

========================================================================
Received Import Request.
  Time since last request: 1597.260192 seconds.
  path: Assets/Scenes/Level2.unity
  artifactKey: Guid(96e5fcb29b80f934d8716da22d59d704) Importer(815301076,1909f56bfc062723c751e8b465ee728b)
Start importing Assets/Scenes/Level2.unity using Guid(96e5fcb29b80f934d8716da22d59d704) Importer(815301076,1909f56bfc062723c751e8b465ee728b)  -> (artifact id: 'dd10f31074fae8f08ebbc9948577d51a') in 0.014342 seconds 
========================================================================
Received Import Request.
  Time since last request: 36.155469 seconds.
  path: Assets/Scenes/Level1.unity
  artifactKey: Guid(590031cbfb741844aaa5826154d7a59f) Importer(815301076,1909f56bfc062723c751e8b465ee728b)
Start importing Assets/Scenes/Level1.unity using Guid(590031cbfb741844aaa5826154d7a59f) Importer(815301076,1909f56bfc062723c751e8b465ee728b)  -> (artifact id: 'f205677430c6c1e9c5cefddb382bf529') in 0.004193 seconds 
========================================================================
Received Prepare
Registering precompiled user dll's ...
Registered in 0.004033 seconds.
Begin MonoManager ReloadAssembly
Native extension for WindowsStandalone target not found
Native extension for WebGL target not found
Refreshing native plugins compatible for Editor in 0.83 ms, found 0 plugins.
Preloading 0 native plugins for Editor in 0.00 ms.
Mono: successfully reloaded assembly
- Completed reload, in  0.886 seconds
Platform modules already initialized, skipping
Refreshing native plugins compatible for Editor in 0.88 ms, found 0 plugins.
Preloading 0 native plugins for Editor in 0.00 ms.
Unloading 1926 Unused Serialized files (Serialized files now loaded: 0)
System memory in use before: 86.5 MB.
System memory in use after: 86.6 MB.

Unloading 37 unused Assets to reduce memory usage. Loaded Objects now: 2562.
Total: 5.468500 ms (FindLiveObjects: 0.279300 ms CreateObjectMapping: 0.060600 ms MarkObjects: 5.108900 ms  DeleteObjects: 0.018900 ms)

========================================================================
Received Prepare
Registering precompiled user dll's ...
Registered in 0.004262 seconds.
Begin MonoManager ReloadAssembly
Native extension for WindowsStandalone target not found
Native extension for WebGL target not found
Refreshing native plugins compatible for Editor in 0.80 ms, found 0 plugins.
Preloading 0 native plugins for Editor in 0.00 ms.
Mono: successfully reloaded assembly
- Completed reload, in  0.866 seconds
Platform modules already initialized, skipping
Refreshing native plugins compatible for Editor in 0.83 ms, found 0 plugins.
Preloading 0 native plugins for Editor in 0.00 ms.
Unloading 1926 Unused Serialized files (Serialized files now loaded: 0)
System memory in use before: 86.5 MB.
System memory in use after: 86.6 MB.

Unloading 37 unused Assets to reduce memory usage. Loaded Objects now: 2565.
Total: 5.510800 ms (FindLiveObjects: 0.187200 ms CreateObjectMapping: 0.053600 ms MarkObjects: 5.244600 ms  DeleteObjects: 0.024500 ms)

========================================================================
Received Import Request.
  Time since last request: 35.166428 seconds.
  path: Assets/Scenes/Level2.unity
  artifactKey: Guid(96e5fcb29b80f934d8716da22d59d704) Importer(815301076,1909f56bfc062723c751e8b465ee728b)
Start importing Assets/Scenes/Level2.unity using Guid(96e5fcb29b80f934d8716da22d59d704) Importer(815301076,1909f56bfc062723c751e8b465ee728b)  -> (artifact id: '04e0f58edc8b4ade8591b116d51d0d32') in 0.011580 seconds 
========================================================================
Received Import Request.
  Time since last request: 1.328366 seconds.
  path: Assets/Scenes/Level3.unity
  artifactKey: Guid(8fbb4fc2f4aff30409c5d6eed739b7d3) Importer(815301076,1909f56bfc062723c751e8b465ee728b)
Start importing Assets/Scenes/Level3.unity using Guid(8fbb4fc2f4aff30409c5d6eed739b7d3) Importer(815301076,1909f56bfc062723c751e8b465ee728b)  -> (artifact id: '8ed8ffae7a6f8fdf0d85b73df82b1f99') in 0.005805 seconds 
========================================================================
Received Import Request.
  Time since last request: 14.539419 seconds.
  path: Assets/Scenes/Level4.unity
  artifactKey: Guid(db0e26e7d8adeeb4080965a5c6103873) Importer(815301076,1909f56bfc062723c751e8b465ee728b)
Start importing Assets/Scenes/Level4.unity using Guid(db0e26e7d8adeeb4080965a5c6103873) Importer(815301076,1909f56bfc062723c751e8b465ee728b)  -> (artifact id: '8afac2328972bb6c173dc27895186106') in 0.004440 seconds 
========================================================================
Received Import Request.
  Time since last request: 17.159591 seconds.
  path: Assets/Scenes/Level3.unity
  artifactKey: Guid(8fbb4fc2f4aff30409c5d6eed739b7d3) Importer(815301076,1909f56bfc062723c751e8b465ee728b)
Start importing Assets/Scenes/Level3.unity using Guid(8fbb4fc2f4aff30409c5d6eed739b7d3) Importer(815301076,1909f56bfc062723c751e8b465ee728b)  -> (artifact id: 'f042230c6eae4aee7db8c073dd11a964') in 0.004416 seconds 
========================================================================
Received Import Request.
  Time since last request: 2.562387 seconds.
  path: Assets/Scenes/Level5.unity
  artifactKey: Guid(2d84676d749d74349a5c04ff26955d38) Importer(815301076,1909f56bfc062723c751e8b465ee728b)
Start importing Assets/Scenes/Level5.unity using Guid(2d84676d749d74349a5c04ff26955d38) Importer(815301076,1909f56bfc062723c751e8b465ee728b)  -> (artifact id: 'fe9efc72fa4f0624aa3e6203992d72e0') in 0.006396 seconds 
========================================================================
Received Import Request.
  Time since last request: 92.930394 seconds.
  path: Assets/Scenes/Level6.unity
  artifactKey: Guid(eb999350bb2d4204f91319675fab1592) Importer(815301076,1909f56bfc062723c751e8b465ee728b)
Start importing Assets/Scenes/Level6.unity using Guid(eb999350bb2d4204f91319675fab1592) Importer(815301076,1909f56bfc062723c751e8b465ee728b)  -> (artifact id: '004cb9f696159892601b56d52c6ad664') in 0.004587 seconds 
========================================================================
Received Import Request.
  Time since last request: 16.017395 seconds.
  path: Assets/Scenes/Level7.unity
  artifactKey: Guid(1767eff9a6285f1428e23f0d4ec658e4) Importer(815301076,1909f56bfc062723c751e8b465ee728b)
Start importing Assets/Scenes/Level7.unity using Guid(1767eff9a6285f1428e23f0d4ec658e4) Importer(815301076,1909f56bfc062723c751e8b465ee728b)  -> (artifact id: 'd805a0b29f3b4b97b391fc51388e240e') in 0.006306 seconds 
========================================================================
Received Import Request.
  Time since last request: 17.383408 seconds.
  path: Assets/Scenes/Level8.unity
  artifactKey: Guid(809f504671572da489d1e2aee2bc4136) Importer(815301076,1909f56bfc062723c751e8b465ee728b)
Start importing Assets/Scenes/Level8.unity using Guid(809f504671572da489d1e2aee2bc4136) Importer(815301076,1909f56bfc062723c751e8b465ee728b)  -> (artifact id: '92f71609ac6d6035c91d53856e5dc2b6') in 0.004532 seconds 
========================================================================
Received Import Request.
  Time since last request: 14.407504 seconds.
  path: Assets/Scenes/Level9.unity
  artifactKey: Guid(b73fce332a26d0445b9fecd75922598f) Importer(815301076,1909f56bfc062723c751e8b465ee728b)
Start importing Assets/Scenes/Level9.unity using Guid(b73fce332a26d0445b9fecd75922598f) Importer(815301076,1909f56bfc062723c751e8b465ee728b)  -> (artifact id: '28c8be43be6dd0bca7ff0824eaaaf02c') in 0.005584 seconds 
========================================================================
Received Import Request.
  Time since last request: 14.005584 seconds.
  path: Assets/Scenes/Level10.unity
  artifactKey: Guid(711ea3453867f864390cafe2ddfc1e54) Importer(815301076,1909f56bfc062723c751e8b465ee728b)
Start importing Assets/Scenes/Level10.unity using Guid(711ea3453867f864390cafe2ddfc1e54) Importer(815301076,1909f56bfc062723c751e8b465ee728b)  -> (artifact id: '1339d3460ba2221a3d8064412ce7c5c6') in 0.004400 seconds 
========================================================================
Received Prepare
Registering precompiled user dll's ...
Registered in 0.003960 seconds.
Begin MonoManager ReloadAssembly
Native extension for WindowsStandalone target not found
Native extension for WebGL target not found
Refreshing native plugins compatible for Editor in 0.85 ms, found 0 plugins.
Preloading 0 native plugins for Editor in 0.00 ms.
Mono: successfully reloaded assembly
- Completed reload, in  0.883 seconds
Platform modules already initialized, skipping
Refreshing native plugins compatible for Editor in 0.81 ms, found 0 plugins.
Preloading 0 native plugins for Editor in 0.00 ms.
Unloading 1926 Unused Serialized files (Serialized files now loaded: 0)
System memory in use before: 86.5 MB.
System memory in use after: 86.6 MB.

Unloading 37 unused Assets to reduce memory usage. Loaded Objects now: 2568.
Total: 5.373600 ms (FindLiveObjects: 0.191600 ms CreateObjectMapping: 0.051100 ms MarkObjects: 5.111400 ms  DeleteObjects: 0.017700 ms)

========================================================================
Received Prepare
Refreshing native plugins compatible for Editor in 8.84 ms, found 0 plugins.
Preloading 0 native plugins for Editor in 0.00 ms.
Unloading 36 Unused Serialized files (Serialized files now loaded: 0)
System memory in use before: 49.0 MB.
System memory in use after: 49.1 MB.

Unloading 35 unused Assets to reduce memory usage. Loaded Objects now: 2568.
Total: 5.594700 ms (FindLiveObjects: 0.309800 ms CreateObjectMapping: 0.049600 ms MarkObjects: 5.210700 ms  DeleteObjects: 0.023700 ms)

AssetImportWorkerClient::OnTransportError - code=2 error=End of file
